{"D:\\4.2\\Final Project\\final project\\backend\\src\\modules\\dispatch\\dispatch.controller.ts": {"path":"D:\\4.2\\Final Project\\final project\\backend\\src\\modules\\dispatch\\dispatch.controller.ts","all":true,"statementMap":{"0":{"start":{"line":1,"column":0},"end":{"line":1,"column":46}},"1":{"start":{"line":2,"column":0},"end":{"line":2,"column":58}},"2":{"start":{"line":3,"column":0},"end":{"line":3,"column":51}},"3":{"start":{"line":4,"column":0},"end":{"line":4,"column":74}},"4":{"start":{"line":5,"column":0},"end":{"line":5,"column":74}},"5":{"start":{"line":6,"column":0},"end":{"line":6,"column":8}},"6":{"start":{"line":7,"column":0},"end":{"line":7,"column":25}},"7":{"start":{"line":8,"column":0},"end":{"line":8,"column":26}},"8":{"start":{"line":9,"column":0},"end":{"line":9,"column":23}},"9":{"start":{"line":10,"column":0},"end":{"line":10,"column":33}},"10":{"start":{"line":11,"column":0},"end":{"line":11,"column":25}},"11":{"start":{"line":12,"column":0},"end":{"line":12,"column":28}},"12":{"start":{"line":13,"column":0},"end":{"line":13,"column":0}},"13":{"start":{"line":14,"column":0},"end":{"line":14,"column":75}},"14":{"start":{"line":15,"column":0},"end":{"line":15,"column":60}},"15":{"start":{"line":16,"column":0},"end":{"line":16,"column":12}},"16":{"start":{"line":17,"column":0},"end":{"line":17,"column":37}},"17":{"start":{"line":18,"column":0},"end":{"line":18,"column":3}},"18":{"start":{"line":19,"column":0},"end":{"line":19,"column":0}},"19":{"start":{"line":20,"column":0},"end":{"line":20,"column":12}},"20":{"start":{"line":21,"column":0},"end":{"line":21,"column":2}},"21":{"start":{"line":22,"column":0},"end":{"line":22,"column":0}},"22":{"start":{"line":23,"column":0},"end":{"line":23,"column":46}},"23":{"start":{"line":24,"column":0},"end":{"line":24,"column":83}},"24":{"start":{"line":25,"column":0},"end":{"line":25,"column":17}},"25":{"start":{"line":26,"column":0},"end":{"line":26,"column":3}},"26":{"start":{"line":27,"column":0},"end":{"line":27,"column":0}},"27":{"start":{"line":28,"column":0},"end":{"line":28,"column":62}},"28":{"start":{"line":29,"column":0},"end":{"line":29,"column":30}},"29":{"start":{"line":30,"column":0},"end":{"line":30,"column":3}},"30":{"start":{"line":31,"column":0},"end":{"line":31,"column":0}},"31":{"start":{"line":32,"column":0},"end":{"line":32,"column":52}},"32":{"start":{"line":33,"column":0},"end":{"line":33,"column":2}},"33":{"start":{"line":34,"column":0},"end":{"line":34,"column":0}},"34":{"start":{"line":35,"column":0},"end":{"line":35,"column":89}},"35":{"start":{"line":36,"column":0},"end":{"line":36,"column":70}},"36":{"start":{"line":37,"column":0},"end":{"line":37,"column":21}},"37":{"start":{"line":38,"column":0},"end":{"line":38,"column":24}},"38":{"start":{"line":39,"column":0},"end":{"line":39,"column":5}},"39":{"start":{"line":40,"column":0},"end":{"line":40,"column":0}},"40":{"start":{"line":41,"column":0},"end":{"line":41,"column":63}},"41":{"start":{"line":42,"column":0},"end":{"line":42,"column":84}},"42":{"start":{"line":43,"column":0},"end":{"line":43,"column":3}},"43":{"start":{"line":44,"column":0},"end":{"line":44,"column":0}},"44":{"start":{"line":45,"column":0},"end":{"line":45,"column":93}},"45":{"start":{"line":46,"column":0},"end":{"line":46,"column":70}},"46":{"start":{"line":47,"column":0},"end":{"line":47,"column":67}},"47":{"start":{"line":48,"column":0},"end":{"line":48,"column":31}},"48":{"start":{"line":49,"column":0},"end":{"line":49,"column":3}},"49":{"start":{"line":50,"column":0},"end":{"line":50,"column":0}},"50":{"start":{"line":51,"column":0},"end":{"line":51,"column":87}},"51":{"start":{"line":52,"column":0},"end":{"line":52,"column":70}},"52":{"start":{"line":53,"column":0},"end":{"line":53,"column":21}},"53":{"start":{"line":54,"column":0},"end":{"line":54,"column":24}},"54":{"start":{"line":55,"column":0},"end":{"line":55,"column":5}},"55":{"start":{"line":56,"column":0},"end":{"line":56,"column":0}},"56":{"start":{"line":57,"column":0},"end":{"line":57,"column":61}},"57":{"start":{"line":58,"column":0},"end":{"line":58,"column":84}},"58":{"start":{"line":59,"column":0},"end":{"line":59,"column":3}},"59":{"start":{"line":60,"column":0},"end":{"line":60,"column":0}},"60":{"start":{"line":61,"column":0},"end":{"line":61,"column":91}},"61":{"start":{"line":62,"column":0},"end":{"line":62,"column":80}},"62":{"start":{"line":63,"column":0},"end":{"line":63,"column":61}},"63":{"start":{"line":64,"column":0},"end":{"line":64,"column":29}},"64":{"start":{"line":65,"column":0},"end":{"line":65,"column":3}},"65":{"start":{"line":66,"column":0},"end":{"line":66,"column":0}},"66":{"start":{"line":67,"column":0},"end":{"line":67,"column":95}},"67":{"start":{"line":68,"column":0},"end":{"line":68,"column":51}},"68":{"start":{"line":69,"column":0},"end":{"line":69,"column":96}},"69":{"start":{"line":70,"column":0},"end":{"line":70,"column":0}},"70":{"start":{"line":71,"column":0},"end":{"line":71,"column":61}},"71":{"start":{"line":72,"column":0},"end":{"line":72,"column":26}},"72":{"start":{"line":73,"column":0},"end":{"line":73,"column":22}},"73":{"start":{"line":74,"column":0},"end":{"line":74,"column":50}},"74":{"start":{"line":75,"column":0},"end":{"line":75,"column":24}},"75":{"start":{"line":76,"column":0},"end":{"line":76,"column":11}},"76":{"start":{"line":77,"column":0},"end":{"line":77,"column":0}},"77":{"start":{"line":78,"column":0},"end":{"line":78,"column":57}},"78":{"start":{"line":79,"column":0},"end":{"line":79,"column":82}},"79":{"start":{"line":80,"column":0},"end":{"line":80,"column":118}},"80":{"start":{"line":81,"column":0},"end":{"line":81,"column":0}},"81":{"start":{"line":82,"column":0},"end":{"line":82,"column":50}},"82":{"start":{"line":83,"column":0},"end":{"line":83,"column":24}},"83":{"start":{"line":84,"column":0},"end":{"line":84,"column":11}},"84":{"start":{"line":85,"column":0},"end":{"line":85,"column":0}},"85":{"start":{"line":86,"column":0},"end":{"line":86,"column":18}},"86":{"start":{"line":87,"column":0},"end":{"line":87,"column":17}},"87":{"start":{"line":88,"column":0},"end":{"line":88,"column":19}},"88":{"start":{"line":89,"column":0},"end":{"line":89,"column":98}},"89":{"start":{"line":90,"column":0},"end":{"line":90,"column":92}},"90":{"start":{"line":91,"column":0},"end":{"line":91,"column":104}},"91":{"start":{"line":92,"column":0},"end":{"line":92,"column":33}},"92":{"start":{"line":93,"column":0},"end":{"line":93,"column":99}},"93":{"start":{"line":94,"column":0},"end":{"line":94,"column":89}},"94":{"start":{"line":95,"column":0},"end":{"line":95,"column":77}},"95":{"start":{"line":96,"column":0},"end":{"line":96,"column":93}},"96":{"start":{"line":97,"column":0},"end":{"line":97,"column":12}},"97":{"start":{"line":98,"column":0},"end":{"line":98,"column":10}},"98":{"start":{"line":99,"column":0},"end":{"line":99,"column":74}},"99":{"start":{"line":100,"column":0},"end":{"line":100,"column":16}},"100":{"start":{"line":101,"column":0},"end":{"line":101,"column":0}},"101":{"start":{"line":102,"column":0},"end":{"line":102,"column":49}},"102":{"start":{"line":103,"column":0},"end":{"line":103,"column":12}},"103":{"start":{"line":104,"column":0},"end":{"line":104,"column":80}},"104":{"start":{"line":105,"column":0},"end":{"line":105,"column":83}},"105":{"start":{"line":106,"column":0},"end":{"line":106,"column":54}},"106":{"start":{"line":107,"column":0},"end":{"line":107,"column":86}},"107":{"start":{"line":108,"column":0},"end":{"line":108,"column":92}},"108":{"start":{"line":109,"column":0},"end":{"line":109,"column":74}},"109":{"start":{"line":110,"column":0},"end":{"line":110,"column":59}},"110":{"start":{"line":111,"column":0},"end":{"line":111,"column":20}},"111":{"start":{"line":112,"column":0},"end":{"line":112,"column":12}},"112":{"start":{"line":113,"column":0},"end":{"line":113,"column":54}},"113":{"start":{"line":114,"column":0},"end":{"line":114,"column":11}},"114":{"start":{"line":115,"column":0},"end":{"line":115,"column":22}},"115":{"start":{"line":116,"column":0},"end":{"line":116,"column":85}},"116":{"start":{"line":117,"column":0},"end":{"line":117,"column":81}},"117":{"start":{"line":118,"column":0},"end":{"line":118,"column":23}},"118":{"start":{"line":119,"column":0},"end":{"line":119,"column":35}},"119":{"start":{"line":120,"column":0},"end":{"line":120,"column":99}},"120":{"start":{"line":121,"column":0},"end":{"line":121,"column":95}},"121":{"start":{"line":122,"column":0},"end":{"line":122,"column":23}},"122":{"start":{"line":123,"column":0},"end":{"line":123,"column":30}},"123":{"start":{"line":124,"column":0},"end":{"line":124,"column":93}},"124":{"start":{"line":125,"column":0},"end":{"line":125,"column":89}},"125":{"start":{"line":126,"column":0},"end":{"line":126,"column":23}},"126":{"start":{"line":127,"column":0},"end":{"line":127,"column":36}},"127":{"start":{"line":128,"column":0},"end":{"line":128,"column":99}},"128":{"start":{"line":129,"column":0},"end":{"line":129,"column":95}},"129":{"start":{"line":130,"column":0},"end":{"line":130,"column":23}},"130":{"start":{"line":131,"column":0},"end":{"line":131,"column":27}},"131":{"start":{"line":132,"column":0},"end":{"line":132,"column":90}},"132":{"start":{"line":133,"column":0},"end":{"line":133,"column":86}},"133":{"start":{"line":134,"column":0},"end":{"line":134,"column":23}},"134":{"start":{"line":135,"column":0},"end":{"line":135,"column":26}},"135":{"start":{"line":136,"column":0},"end":{"line":136,"column":89}},"136":{"start":{"line":137,"column":0},"end":{"line":137,"column":85}},"137":{"start":{"line":138,"column":0},"end":{"line":138,"column":23}},"138":{"start":{"line":139,"column":0},"end":{"line":139,"column":28}},"139":{"start":{"line":140,"column":0},"end":{"line":140,"column":91}},"140":{"start":{"line":141,"column":0},"end":{"line":141,"column":87}},"141":{"start":{"line":142,"column":0},"end":{"line":142,"column":23}},"142":{"start":{"line":143,"column":0},"end":{"line":143,"column":11}},"143":{"start":{"line":144,"column":0},"end":{"line":144,"column":20}},"144":{"start":{"line":145,"column":0},"end":{"line":145,"column":5}},"145":{"start":{"line":146,"column":0},"end":{"line":146,"column":0}},"146":{"start":{"line":147,"column":0},"end":{"line":147,"column":34}},"147":{"start":{"line":148,"column":0},"end":{"line":148,"column":3}}},"s":{"0":0,"1":0,"2":0,"3":0,"4":0,"5":0,"6":0,"7":0,"8":0,"9":0,"10":0,"11":0,"12":0,"13":0,"14":0,"15":0,"16":0,"17":0,"18":0,"19":0,"20":0,"21":0,"22":0,"23":0,"24":0,"25":0,"26":0,"27":0,"28":0,"29":0,"30":0,"31":0,"32":0,"33":0,"34":0,"35":0,"36":0,"37":0,"38":0,"39":0,"40":0,"41":0,"42":0,"43":0,"44":0,"45":0,"46":0,"47":0,"48":0,"49":0,"50":0,"51":0,"52":0,"53":0,"54":0,"55":0,"56":0,"57":0,"58":0,"59":0,"60":0,"61":0,"62":0,"63":0,"64":0,"65":0,"66":0,"67":0,"68":0,"69":0,"70":0,"71":0,"72":0,"73":0,"74":0,"75":0,"76":0,"77":0,"78":0,"79":0,"80":0,"81":0,"82":0,"83":0,"84":0,"85":0,"86":0,"87":0,"88":0,"89":0,"90":0,"91":0,"92":0,"93":0,"94":0,"95":0,"96":0,"97":0,"98":0,"99":0,"100":0,"101":0,"102":0,"103":0,"104":0,"105":0,"106":0,"107":0,"108":0,"109":0,"110":0,"111":0,"112":0,"113":0,"114":0,"115":0,"116":0,"117":0,"118":0,"119":0,"120":0,"121":0,"122":0,"123":0,"124":0,"125":0,"126":0,"127":0,"128":0,"129":0,"130":0,"131":0,"132":0,"133":0,"134":0,"135":0,"136":0,"137":0,"138":0,"139":0,"140":0,"141":0,"142":0,"143":0,"144":0,"145":0,"146":0,"147":0},"branchMap":{"0":{"type":"branch","line":1,"loc":{"start":{"line":1,"column":0},"end":{"line":148,"column":3}},"locations":[{"start":{"line":1,"column":0},"end":{"line":148,"column":3}}]}},"b":{"0":[0]},"fnMap":{"0":{"name":"(empty-report)","decl":{"start":{"line":1,"column":0},"end":{"line":148,"column":3}},"loc":{"start":{"line":1,"column":0},"end":{"line":148,"column":3}},"line":1}},"f":{"0":0}}
,"D:\\4.2\\Final Project\\final project\\backend\\src\\modules\\dispatch\\dispatch.routes.ts": {"path":"D:\\4.2\\Final Project\\final project\\backend\\src\\modules\\dispatch\\dispatch.routes.ts","all":true,"statementMap":{"0":{"start":{"line":1,"column":0},"end":{"line":1,"column":33}},"1":{"start":{"line":2,"column":0},"end":{"line":2,"column":8}},"2":{"start":{"line":3,"column":0},"end":{"line":3,"column":32}},"3":{"start":{"line":4,"column":0},"end":{"line":4,"column":28}},"4":{"start":{"line":5,"column":0},"end":{"line":5,"column":30}},"5":{"start":{"line":6,"column":0},"end":{"line":6,"column":24}},"6":{"start":{"line":7,"column":0},"end":{"line":7,"column":26}},"7":{"start":{"line":8,"column":0},"end":{"line":8,"column":31}},"8":{"start":{"line":9,"column":0},"end":{"line":9,"column":0}},"9":{"start":{"line":10,"column":0},"end":{"line":10,"column":39}},"10":{"start":{"line":11,"column":0},"end":{"line":11,"column":0}},"11":{"start":{"line":12,"column":0},"end":{"line":12,"column":60}},"12":{"start":{"line":13,"column":0},"end":{"line":13,"column":73}},"13":{"start":{"line":14,"column":0},"end":{"line":14,"column":65}},"14":{"start":{"line":15,"column":0},"end":{"line":15,"column":56}},"15":{"start":{"line":16,"column":0},"end":{"line":16,"column":64}}},"s":{"0":0,"1":0,"2":0,"3":0,"4":0,"5":0,"6":0,"7":0,"8":0,"9":0,"10":0,"11":0,"12":0,"13":0,"14":0,"15":0},"branchMap":{"0":{"type":"branch","line":1,"loc":{"start":{"line":1,"column":0},"end":{"line":16,"column":64}},"locations":[{"start":{"line":1,"column":0},"end":{"line":16,"column":64}}]}},"b":{"0":[0]},"fnMap":{"0":{"name":"(empty-report)","decl":{"start":{"line":1,"column":0},"end":{"line":16,"column":64}},"loc":{"start":{"line":1,"column":0},"end":{"line":16,"column":64}},"line":1}},"f":{"0":0}}
,"D:\\4.2\\Final Project\\final project\\backend\\src\\modules\\dispatch\\dispatch.service.ts": {"path":"D:\\4.2\\Final Project\\final project\\backend\\src\\modules\\dispatch\\dispatch.service.ts","all":false,"statementMap":{"0":{"start":{"line":1,"column":0},"end":{"line":1,"column":40}},"5":{"start":{"line":6,"column":0},"end":{"line":6,"column":35}},"6":{"start":{"line":7,"column":0},"end":{"line":7,"column":17}},"7":{"start":{"line":8,"column":0},"end":{"line":8,"column":12}},"8":{"start":{"line":9,"column":0},"end":{"line":9,"column":16}},"9":{"start":{"line":10,"column":0},"end":{"line":10,"column":11}},"10":{"start":{"line":11,"column":0},"end":{"line":11,"column":19}},"11":{"start":{"line":12,"column":0},"end":{"line":12,"column":23}},"12":{"start":{"line":13,"column":0},"end":{"line":13,"column":18}},"13":{"start":{"line":14,"column":0},"end":{"line":14,"column":20}},"14":{"start":{"line":15,"column":0},"end":{"line":15,"column":3}},"16":{"start":{"line":17,"column":0},"end":{"line":17,"column":85}},"17":{"start":{"line":18,"column":0},"end":{"line":18,"column":17}},"18":{"start":{"line":19,"column":0},"end":{"line":19,"column":26}},"19":{"start":{"line":20,"column":0},"end":{"line":20,"column":29}},"20":{"start":{"line":21,"column":0},"end":{"line":21,"column":23}},"21":{"start":{"line":22,"column":0},"end":{"line":22,"column":29}},"22":{"start":{"line":23,"column":0},"end":{"line":23,"column":2}},"55":{"start":{"line":56,"column":0},"end":{"line":56,"column":66}},"56":{"start":{"line":57,"column":0},"end":{"line":57,"column":20}},"57":{"start":{"line":58,"column":0},"end":{"line":58,"column":16}},"58":{"start":{"line":59,"column":0},"end":{"line":59,"column":3}},"60":{"start":{"line":61,"column":0},"end":{"line":61,"column":10}},"61":{"start":{"line":62,"column":0},"end":{"line":62,"column":22}},"62":{"start":{"line":63,"column":0},"end":{"line":63,"column":26}},"63":{"start":{"line":64,"column":0},"end":{"line":64,"column":26}},"64":{"start":{"line":65,"column":0},"end":{"line":65,"column":4}},"65":{"start":{"line":66,"column":0},"end":{"line":66,"column":2}},"67":{"start":{"line":68,"column":0},"end":{"line":68,"column":48}},"68":{"start":{"line":69,"column":0},"end":{"line":69,"column":14}},"69":{"start":{"line":70,"column":0},"end":{"line":70,"column":16}},"70":{"start":{"line":71,"column":0},"end":{"line":71,"column":3}},"72":{"start":{"line":73,"column":0},"end":{"line":73,"column":10}},"73":{"start":{"line":74,"column":0},"end":{"line":74,"column":16}},"74":{"start":{"line":75,"column":0},"end":{"line":75,"column":20}},"75":{"start":{"line":76,"column":0},"end":{"line":76,"column":20}},"76":{"start":{"line":77,"column":0},"end":{"line":77,"column":36}},"77":{"start":{"line":78,"column":0},"end":{"line":78,"column":55}},"78":{"start":{"line":79,"column":0},"end":{"line":79,"column":4}},"79":{"start":{"line":80,"column":0},"end":{"line":80,"column":2}},"81":{"start":{"line":82,"column":0},"end":{"line":82,"column":57}},"82":{"start":{"line":83,"column":0},"end":{"line":83,"column":17}},"83":{"start":{"line":84,"column":0},"end":{"line":84,"column":16}},"84":{"start":{"line":85,"column":0},"end":{"line":85,"column":3}},"86":{"start":{"line":87,"column":0},"end":{"line":87,"column":10}},"87":{"start":{"line":88,"column":0},"end":{"line":88,"column":19}},"88":{"start":{"line":89,"column":0},"end":{"line":89,"column":23}},"89":{"start":{"line":90,"column":0},"end":{"line":90,"column":23}},"90":{"start":{"line":91,"column":0},"end":{"line":91,"column":45}},"91":{"start":{"line":92,"column":0},"end":{"line":92,"column":45}},"92":{"start":{"line":93,"column":0},"end":{"line":93,"column":4}},"93":{"start":{"line":94,"column":0},"end":{"line":94,"column":2}},"95":{"start":{"line":96,"column":0},"end":{"line":96,"column":54}},"96":{"start":{"line":97,"column":0},"end":{"line":97,"column":16}},"97":{"start":{"line":98,"column":0},"end":{"line":98,"column":16}},"98":{"start":{"line":99,"column":0},"end":{"line":99,"column":3}},"100":{"start":{"line":101,"column":0},"end":{"line":101,"column":10}},"101":{"start":{"line":102,"column":0},"end":{"line":102,"column":18}},"102":{"start":{"line":103,"column":0},"end":{"line":103,"column":22}},"103":{"start":{"line":104,"column":0},"end":{"line":104,"column":32}},"104":{"start":{"line":105,"column":0},"end":{"line":105,"column":40}},"105":{"start":{"line":106,"column":0},"end":{"line":106,"column":48}},"106":{"start":{"line":107,"column":0},"end":{"line":107,"column":57}},"107":{"start":{"line":108,"column":0},"end":{"line":108,"column":4}},"108":{"start":{"line":109,"column":0},"end":{"line":109,"column":2}},"110":{"start":{"line":111,"column":0},"end":{"line":111,"column":39}},"111":{"start":{"line":112,"column":0},"end":{"line":112,"column":17}},"112":{"start":{"line":113,"column":0},"end":{"line":113,"column":35}},"113":{"start":{"line":114,"column":0},"end":{"line":114,"column":29}},"114":{"start":{"line":115,"column":0},"end":{"line":115,"column":25}},"115":{"start":{"line":116,"column":0},"end":{"line":116,"column":19}},"116":{"start":{"line":117,"column":0},"end":{"line":117,"column":23}},"117":{"start":{"line":118,"column":0},"end":{"line":118,"column":3}},"119":{"start":{"line":120,"column":0},"end":{"line":120,"column":42}},"120":{"start":{"line":121,"column":0},"end":{"line":121,"column":20}},"121":{"start":{"line":122,"column":0},"end":{"line":122,"column":33}},"122":{"start":{"line":123,"column":0},"end":{"line":123,"column":53}},"123":{"start":{"line":124,"column":0},"end":{"line":124,"column":37}},"124":{"start":{"line":125,"column":0},"end":{"line":125,"column":32}},"125":{"start":{"line":126,"column":0},"end":{"line":126,"column":7}},"126":{"start":{"line":127,"column":0},"end":{"line":127,"column":44}},"127":{"start":{"line":128,"column":0},"end":{"line":128,"column":59}},"128":{"start":{"line":129,"column":0},"end":{"line":129,"column":41}},"129":{"start":{"line":130,"column":0},"end":{"line":130,"column":55}},"130":{"start":{"line":131,"column":0},"end":{"line":131,"column":52}},"131":{"start":{"line":132,"column":0},"end":{"line":132,"column":46}},"132":{"start":{"line":133,"column":0},"end":{"line":133,"column":7}},"133":{"start":{"line":134,"column":0},"end":{"line":134,"column":11}},"134":{"start":{"line":135,"column":0},"end":{"line":135,"column":3}},"136":{"start":{"line":137,"column":0},"end":{"line":137,"column":43}},"137":{"start":{"line":138,"column":0},"end":{"line":138,"column":53}},"138":{"start":{"line":139,"column":0},"end":{"line":139,"column":33}},"139":{"start":{"line":140,"column":0},"end":{"line":140,"column":31}},"140":{"start":{"line":141,"column":0},"end":{"line":141,"column":43}},"141":{"start":{"line":142,"column":0},"end":{"line":142,"column":55}},"142":{"start":{"line":143,"column":0},"end":{"line":143,"column":35}},"143":{"start":{"line":144,"column":0},"end":{"line":144,"column":51}},"144":{"start":{"line":145,"column":0},"end":{"line":145,"column":3}},"146":{"start":{"line":147,"column":0},"end":{"line":147,"column":61}},"147":{"start":{"line":148,"column":0},"end":{"line":148,"column":46}},"148":{"start":{"line":149,"column":0},"end":{"line":149,"column":28}},"149":{"start":{"line":150,"column":0},"end":{"line":150,"column":32}},"150":{"start":{"line":151,"column":0},"end":{"line":151,"column":37}},"151":{"start":{"line":152,"column":0},"end":{"line":152,"column":46}},"152":{"start":{"line":153,"column":0},"end":{"line":153,"column":42}},"153":{"start":{"line":154,"column":0},"end":{"line":154,"column":50}},"154":{"start":{"line":155,"column":0},"end":{"line":155,"column":60}},"155":{"start":{"line":156,"column":0},"end":{"line":156,"column":40}},"156":{"start":{"line":157,"column":0},"end":{"line":157,"column":32}},"157":{"start":{"line":158,"column":0},"end":{"line":158,"column":42}},"158":{"start":{"line":159,"column":0},"end":{"line":159,"column":3}},"160":{"start":{"line":161,"column":0},"end":{"line":161,"column":44}},"161":{"start":{"line":162,"column":0},"end":{"line":162,"column":9}},"162":{"start":{"line":163,"column":0},"end":{"line":163,"column":7}},"163":{"start":{"line":164,"column":0},"end":{"line":164,"column":38}},"164":{"start":{"line":165,"column":0},"end":{"line":165,"column":37}},"165":{"start":{"line":166,"column":0},"end":{"line":166,"column":63}},"166":{"start":{"line":167,"column":0},"end":{"line":167,"column":53}},"167":{"start":{"line":168,"column":0},"end":{"line":168,"column":65}},"168":{"start":{"line":169,"column":0},"end":{"line":169,"column":47}},"169":{"start":{"line":170,"column":0},"end":{"line":170,"column":45}},"170":{"start":{"line":171,"column":0},"end":{"line":171,"column":49}},"171":{"start":{"line":172,"column":0},"end":{"line":172,"column":7}},"172":{"start":{"line":173,"column":0},"end":{"line":173,"column":11}},"174":{"start":{"line":175,"column":0},"end":{"line":175,"column":29}},"175":{"start":{"line":176,"column":0},"end":{"line":176,"column":11}},"176":{"start":{"line":177,"column":0},"end":{"line":177,"column":20}},"177":{"start":{"line":178,"column":0},"end":{"line":178,"column":18}},"178":{"start":{"line":179,"column":0},"end":{"line":179,"column":23}},"179":{"start":{"line":180,"column":0},"end":{"line":180,"column":17}},"180":{"start":{"line":181,"column":0},"end":{"line":181,"column":26}},"181":{"start":{"line":182,"column":0},"end":{"line":182,"column":23}},"182":{"start":{"line":183,"column":0},"end":{"line":183,"column":12}},"183":{"start":{"line":184,"column":0},"end":{"line":184,"column":13}},"184":{"start":{"line":185,"column":0},"end":{"line":185,"column":15}},"185":{"start":{"line":186,"column":0},"end":{"line":186,"column":24}},"186":{"start":{"line":187,"column":0},"end":{"line":187,"column":21}},"187":{"start":{"line":188,"column":0},"end":{"line":188,"column":19}},"188":{"start":{"line":189,"column":0},"end":{"line":189,"column":16}},"189":{"start":{"line":190,"column":0},"end":{"line":190,"column":18}},"190":{"start":{"line":191,"column":0},"end":{"line":191,"column":6}},"191":{"start":{"line":192,"column":0},"end":{"line":192,"column":4}},"192":{"start":{"line":193,"column":0},"end":{"line":193,"column":16}},"193":{"start":{"line":194,"column":0},"end":{"line":194,"column":13}},"194":{"start":{"line":195,"column":0},"end":{"line":195,"column":15}},"195":{"start":{"line":196,"column":0},"end":{"line":196,"column":28}},"196":{"start":{"line":197,"column":0},"end":{"line":197,"column":19}},"197":{"start":{"line":198,"column":0},"end":{"line":198,"column":16}},"198":{"start":{"line":199,"column":0},"end":{"line":199,"column":17}},"199":{"start":{"line":200,"column":0},"end":{"line":200,"column":19}},"200":{"start":{"line":201,"column":0},"end":{"line":201,"column":21}},"201":{"start":{"line":202,"column":0},"end":{"line":202,"column":21}},"202":{"start":{"line":203,"column":0},"end":{"line":203,"column":28}},"203":{"start":{"line":204,"column":0},"end":{"line":204,"column":28}},"204":{"start":{"line":205,"column":0},"end":{"line":205,"column":10}},"205":{"start":{"line":206,"column":0},"end":{"line":206,"column":8}},"206":{"start":{"line":207,"column":0},"end":{"line":207,"column":15}},"207":{"start":{"line":208,"column":0},"end":{"line":208,"column":17}},"208":{"start":{"line":209,"column":0},"end":{"line":209,"column":19}},"209":{"start":{"line":210,"column":0},"end":{"line":210,"column":21}},"210":{"start":{"line":211,"column":0},"end":{"line":211,"column":26}},"211":{"start":{"line":212,"column":0},"end":{"line":212,"column":30}},"212":{"start":{"line":213,"column":0},"end":{"line":213,"column":30}},"213":{"start":{"line":214,"column":0},"end":{"line":214,"column":23}},"214":{"start":{"line":215,"column":0},"end":{"line":215,"column":21}},"215":{"start":{"line":216,"column":0},"end":{"line":216,"column":23}},"216":{"start":{"line":217,"column":0},"end":{"line":217,"column":25}},"217":{"start":{"line":218,"column":0},"end":{"line":218,"column":25}},"218":{"start":{"line":219,"column":0},"end":{"line":219,"column":14}},"219":{"start":{"line":220,"column":0},"end":{"line":220,"column":12}},"220":{"start":{"line":221,"column":0},"end":{"line":221,"column":10}},"221":{"start":{"line":222,"column":0},"end":{"line":222,"column":8}},"222":{"start":{"line":223,"column":0},"end":{"line":223,"column":13}},"223":{"start":{"line":224,"column":0},"end":{"line":224,"column":17}},"224":{"start":{"line":225,"column":0},"end":{"line":225,"column":19}},"225":{"start":{"line":226,"column":0},"end":{"line":226,"column":21}},"226":{"start":{"line":227,"column":0},"end":{"line":227,"column":21}},"227":{"start":{"line":228,"column":0},"end":{"line":228,"column":25}},"228":{"start":{"line":229,"column":0},"end":{"line":229,"column":23}},"229":{"start":{"line":230,"column":0},"end":{"line":230,"column":21}},"230":{"start":{"line":231,"column":0},"end":{"line":231,"column":23}},"231":{"start":{"line":232,"column":0},"end":{"line":232,"column":25}},"232":{"start":{"line":233,"column":0},"end":{"line":233,"column":25}},"233":{"start":{"line":234,"column":0},"end":{"line":234,"column":14}},"234":{"start":{"line":235,"column":0},"end":{"line":235,"column":12}},"235":{"start":{"line":236,"column":0},"end":{"line":236,"column":10}},"236":{"start":{"line":237,"column":0},"end":{"line":237,"column":8}},"237":{"start":{"line":238,"column":0},"end":{"line":238,"column":6}},"238":{"start":{"line":239,"column":0},"end":{"line":239,"column":4}},"239":{"start":{"line":240,"column":0},"end":{"line":240,"column":13}},"240":{"start":{"line":241,"column":0},"end":{"line":241,"column":13}},"241":{"start":{"line":242,"column":0},"end":{"line":242,"column":15}},"242":{"start":{"line":243,"column":0},"end":{"line":243,"column":25}},"243":{"start":{"line":244,"column":0},"end":{"line":244,"column":21}},"244":{"start":{"line":245,"column":0},"end":{"line":245,"column":31}},"245":{"start":{"line":246,"column":0},"end":{"line":246,"column":22}},"246":{"start":{"line":247,"column":0},"end":{"line":247,"column":6}},"247":{"start":{"line":248,"column":0},"end":{"line":248,"column":4}},"248":{"start":{"line":249,"column":0},"end":{"line":249,"column":15}},"249":{"start":{"line":250,"column":0},"end":{"line":250,"column":38}},"250":{"start":{"line":251,"column":0},"end":{"line":251,"column":12}},"251":{"start":{"line":252,"column":0},"end":{"line":252,"column":13}},"252":{"start":{"line":253,"column":0},"end":{"line":253,"column":15}},"253":{"start":{"line":254,"column":0},"end":{"line":254,"column":22}},"254":{"start":{"line":255,"column":0},"end":{"line":255,"column":21}},"255":{"start":{"line":256,"column":0},"end":{"line":256,"column":27}},"256":{"start":{"line":257,"column":0},"end":{"line":257,"column":33}},"257":{"start":{"line":258,"column":0},"end":{"line":258,"column":23}},"258":{"start":{"line":259,"column":0},"end":{"line":259,"column":31}},"259":{"start":{"line":260,"column":0},"end":{"line":260,"column":19}},"260":{"start":{"line":261,"column":0},"end":{"line":261,"column":17}},"261":{"start":{"line":262,"column":0},"end":{"line":262,"column":19}},"262":{"start":{"line":263,"column":0},"end":{"line":263,"column":21}},"263":{"start":{"line":264,"column":0},"end":{"line":264,"column":21}},"264":{"start":{"line":265,"column":0},"end":{"line":265,"column":25}},"265":{"start":{"line":266,"column":0},"end":{"line":266,"column":23}},"266":{"start":{"line":267,"column":0},"end":{"line":267,"column":21}},"267":{"start":{"line":268,"column":0},"end":{"line":268,"column":23}},"268":{"start":{"line":269,"column":0},"end":{"line":269,"column":25}},"269":{"start":{"line":270,"column":0},"end":{"line":270,"column":25}},"270":{"start":{"line":271,"column":0},"end":{"line":271,"column":14}},"271":{"start":{"line":272,"column":0},"end":{"line":272,"column":12}},"272":{"start":{"line":273,"column":0},"end":{"line":273,"column":10}},"273":{"start":{"line":274,"column":0},"end":{"line":274,"column":8}},"274":{"start":{"line":275,"column":0},"end":{"line":275,"column":21}},"275":{"start":{"line":276,"column":0},"end":{"line":276,"column":17}},"276":{"start":{"line":277,"column":0},"end":{"line":277,"column":19}},"277":{"start":{"line":278,"column":0},"end":{"line":278,"column":21}},"278":{"start":{"line":279,"column":0},"end":{"line":279,"column":26}},"279":{"start":{"line":280,"column":0},"end":{"line":280,"column":30}},"280":{"start":{"line":281,"column":0},"end":{"line":281,"column":30}},"281":{"start":{"line":282,"column":0},"end":{"line":282,"column":23}},"282":{"start":{"line":283,"column":0},"end":{"line":283,"column":21}},"283":{"start":{"line":284,"column":0},"end":{"line":284,"column":23}},"284":{"start":{"line":285,"column":0},"end":{"line":285,"column":25}},"285":{"start":{"line":286,"column":0},"end":{"line":286,"column":25}},"286":{"start":{"line":287,"column":0},"end":{"line":287,"column":14}},"287":{"start":{"line":288,"column":0},"end":{"line":288,"column":12}},"288":{"start":{"line":289,"column":0},"end":{"line":289,"column":10}},"289":{"start":{"line":290,"column":0},"end":{"line":290,"column":8}},"290":{"start":{"line":291,"column":0},"end":{"line":291,"column":15}},"291":{"start":{"line":292,"column":0},"end":{"line":292,"column":17}},"292":{"start":{"line":293,"column":0},"end":{"line":293,"column":23}},"293":{"start":{"line":294,"column":0},"end":{"line":294,"column":30}},"294":{"start":{"line":295,"column":0},"end":{"line":295,"column":33}},"295":{"start":{"line":296,"column":0},"end":{"line":296,"column":25}},"296":{"start":{"line":297,"column":0},"end":{"line":297,"column":25}},"297":{"start":{"line":298,"column":0},"end":{"line":298,"column":27}},"298":{"start":{"line":299,"column":0},"end":{"line":299,"column":26}},"299":{"start":{"line":300,"column":0},"end":{"line":300,"column":10}},"300":{"start":{"line":301,"column":0},"end":{"line":301,"column":8}},"301":{"start":{"line":302,"column":0},"end":{"line":302,"column":6}},"302":{"start":{"line":303,"column":0},"end":{"line":303,"column":4}},"303":{"start":{"line":304,"column":0},"end":{"line":304,"column":10}},"304":{"start":{"line":305,"column":0},"end":{"line":305,"column":37}},"305":{"start":{"line":306,"column":0},"end":{"line":306,"column":12}},"306":{"start":{"line":307,"column":0},"end":{"line":307,"column":13}},"307":{"start":{"line":308,"column":0},"end":{"line":308,"column":15}},"308":{"start":{"line":309,"column":0},"end":{"line":309,"column":21}},"309":{"start":{"line":310,"column":0},"end":{"line":310,"column":22}},"310":{"start":{"line":311,"column":0},"end":{"line":311,"column":13}},"311":{"start":{"line":312,"column":0},"end":{"line":312,"column":17}},"312":{"start":{"line":313,"column":0},"end":{"line":313,"column":19}},"313":{"start":{"line":314,"column":0},"end":{"line":314,"column":21}},"314":{"start":{"line":315,"column":0},"end":{"line":315,"column":21}},"315":{"start":{"line":316,"column":0},"end":{"line":316,"column":25}},"316":{"start":{"line":317,"column":0},"end":{"line":317,"column":23}},"317":{"start":{"line":318,"column":0},"end":{"line":318,"column":21}},"318":{"start":{"line":319,"column":0},"end":{"line":319,"column":23}},"319":{"start":{"line":320,"column":0},"end":{"line":320,"column":25}},"320":{"start":{"line":321,"column":0},"end":{"line":321,"column":25}},"321":{"start":{"line":322,"column":0},"end":{"line":322,"column":14}},"322":{"start":{"line":323,"column":0},"end":{"line":323,"column":12}},"323":{"start":{"line":324,"column":0},"end":{"line":324,"column":10}},"324":{"start":{"line":325,"column":0},"end":{"line":325,"column":8}},"325":{"start":{"line":326,"column":0},"end":{"line":326,"column":15}},"326":{"start":{"line":327,"column":0},"end":{"line":327,"column":17}},"327":{"start":{"line":328,"column":0},"end":{"line":328,"column":19}},"328":{"start":{"line":329,"column":0},"end":{"line":329,"column":21}},"329":{"start":{"line":330,"column":0},"end":{"line":330,"column":26}},"330":{"start":{"line":331,"column":0},"end":{"line":331,"column":30}},"331":{"start":{"line":332,"column":0},"end":{"line":332,"column":30}},"332":{"start":{"line":333,"column":0},"end":{"line":333,"column":23}},"333":{"start":{"line":334,"column":0},"end":{"line":334,"column":21}},"334":{"start":{"line":335,"column":0},"end":{"line":335,"column":23}},"335":{"start":{"line":336,"column":0},"end":{"line":336,"column":25}},"336":{"start":{"line":337,"column":0},"end":{"line":337,"column":25}},"337":{"start":{"line":338,"column":0},"end":{"line":338,"column":14}},"338":{"start":{"line":339,"column":0},"end":{"line":339,"column":12}},"339":{"start":{"line":340,"column":0},"end":{"line":340,"column":10}},"340":{"start":{"line":341,"column":0},"end":{"line":341,"column":8}},"341":{"start":{"line":342,"column":0},"end":{"line":342,"column":16}},"342":{"start":{"line":343,"column":0},"end":{"line":343,"column":17}},"343":{"start":{"line":344,"column":0},"end":{"line":344,"column":19}},"344":{"start":{"line":345,"column":0},"end":{"line":345,"column":21}},"345":{"start":{"line":346,"column":0},"end":{"line":346,"column":21}},"346":{"start":{"line":347,"column":0},"end":{"line":347,"column":28}},"347":{"start":{"line":348,"column":0},"end":{"line":348,"column":28}},"348":{"start":{"line":349,"column":0},"end":{"line":349,"column":10}},"349":{"start":{"line":350,"column":0},"end":{"line":350,"column":8}},"350":{"start":{"line":351,"column":0},"end":{"line":351,"column":6}},"351":{"start":{"line":352,"column":0},"end":{"line":352,"column":4}},"352":{"start":{"line":353,"column":0},"end":{"line":353,"column":14}},"353":{"start":{"line":354,"column":0},"end":{"line":354,"column":37}},"354":{"start":{"line":355,"column":0},"end":{"line":355,"column":13}},"355":{"start":{"line":356,"column":0},"end":{"line":356,"column":15}},"356":{"start":{"line":357,"column":0},"end":{"line":357,"column":19}},"357":{"start":{"line":358,"column":0},"end":{"line":358,"column":21}},"358":{"start":{"line":359,"column":0},"end":{"line":359,"column":22}},"359":{"start":{"line":360,"column":0},"end":{"line":360,"column":16}},"360":{"start":{"line":361,"column":0},"end":{"line":361,"column":17}},"361":{"start":{"line":362,"column":0},"end":{"line":362,"column":19}},"362":{"start":{"line":363,"column":0},"end":{"line":363,"column":21}},"363":{"start":{"line":364,"column":0},"end":{"line":364,"column":21}},"364":{"start":{"line":365,"column":0},"end":{"line":365,"column":28}},"365":{"start":{"line":366,"column":0},"end":{"line":366,"column":28}},"366":{"start":{"line":367,"column":0},"end":{"line":367,"column":10}},"367":{"start":{"line":368,"column":0},"end":{"line":368,"column":8}},"368":{"start":{"line":369,"column":0},"end":{"line":369,"column":13}},"369":{"start":{"line":370,"column":0},"end":{"line":370,"column":17}},"370":{"start":{"line":371,"column":0},"end":{"line":371,"column":19}},"371":{"start":{"line":372,"column":0},"end":{"line":372,"column":21}},"372":{"start":{"line":373,"column":0},"end":{"line":373,"column":21}},"373":{"start":{"line":374,"column":0},"end":{"line":374,"column":25}},"374":{"start":{"line":375,"column":0},"end":{"line":375,"column":23}},"375":{"start":{"line":376,"column":0},"end":{"line":376,"column":21}},"376":{"start":{"line":377,"column":0},"end":{"line":377,"column":23}},"377":{"start":{"line":378,"column":0},"end":{"line":378,"column":25}},"378":{"start":{"line":379,"column":0},"end":{"line":379,"column":25}},"379":{"start":{"line":380,"column":0},"end":{"line":380,"column":14}},"380":{"start":{"line":381,"column":0},"end":{"line":381,"column":12}},"381":{"start":{"line":382,"column":0},"end":{"line":382,"column":10}},"382":{"start":{"line":383,"column":0},"end":{"line":383,"column":8}},"383":{"start":{"line":384,"column":0},"end":{"line":384,"column":6}},"384":{"start":{"line":385,"column":0},"end":{"line":385,"column":4}},"385":{"start":{"line":386,"column":0},"end":{"line":386,"column":31}},"387":{"start":{"line":388,"column":0},"end":{"line":388,"column":32}},"388":{"start":{"line":389,"column":0},"end":{"line":389,"column":11}},"389":{"start":{"line":390,"column":0},"end":{"line":390,"column":16}},"390":{"start":{"line":391,"column":0},"end":{"line":391,"column":20}},"391":{"start":{"line":392,"column":0},"end":{"line":392,"column":21}},"392":{"start":{"line":393,"column":0},"end":{"line":393,"column":21}},"393":{"start":{"line":394,"column":0},"end":{"line":394,"column":21}},"394":{"start":{"line":395,"column":0},"end":{"line":395,"column":22}},"395":{"start":{"line":396,"column":0},"end":{"line":396,"column":24}},"396":{"start":{"line":397,"column":0},"end":{"line":397,"column":13}},"397":{"start":{"line":398,"column":0},"end":{"line":398,"column":18}},"398":{"start":{"line":399,"column":0},"end":{"line":399,"column":18}},"399":{"start":{"line":400,"column":0},"end":{"line":400,"column":10}},"400":{"start":{"line":401,"column":0},"end":{"line":401,"column":13}},"401":{"start":{"line":402,"column":0},"end":{"line":402,"column":15}},"402":{"start":{"line":403,"column":0},"end":{"line":403,"column":24}},"403":{"start":{"line":404,"column":0},"end":{"line":404,"column":16}},"404":{"start":{"line":405,"column":0},"end":{"line":405,"column":17}},"405":{"start":{"line":406,"column":0},"end":{"line":406,"column":19}},"406":{"start":{"line":407,"column":0},"end":{"line":407,"column":28}},"407":{"start":{"line":408,"column":0},"end":{"line":408,"column":25}},"408":{"start":{"line":409,"column":0},"end":{"line":409,"column":23}},"409":{"start":{"line":410,"column":0},"end":{"line":410,"column":20}},"410":{"start":{"line":411,"column":0},"end":{"line":411,"column":22}},"411":{"start":{"line":412,"column":0},"end":{"line":412,"column":10}},"412":{"start":{"line":413,"column":0},"end":{"line":413,"column":8}},"413":{"start":{"line":414,"column":0},"end":{"line":414,"column":17}},"414":{"start":{"line":415,"column":0},"end":{"line":415,"column":17}},"415":{"start":{"line":416,"column":0},"end":{"line":416,"column":29}},"416":{"start":{"line":417,"column":0},"end":{"line":417,"column":25}},"417":{"start":{"line":418,"column":0},"end":{"line":418,"column":35}},"418":{"start":{"line":419,"column":0},"end":{"line":419,"column":10}},"419":{"start":{"line":420,"column":0},"end":{"line":420,"column":8}},"420":{"start":{"line":421,"column":0},"end":{"line":421,"column":6}},"421":{"start":{"line":422,"column":0},"end":{"line":422,"column":4}},"422":{"start":{"line":423,"column":0},"end":{"line":423,"column":14}},"423":{"start":{"line":424,"column":0},"end":{"line":424,"column":13}},"424":{"start":{"line":425,"column":0},"end":{"line":425,"column":15}},"425":{"start":{"line":426,"column":0},"end":{"line":426,"column":22}},"426":{"start":{"line":427,"column":0},"end":{"line":427,"column":21}},"427":{"start":{"line":428,"column":0},"end":{"line":428,"column":6}},"428":{"start":{"line":429,"column":0},"end":{"line":429,"column":4}},"429":{"start":{"line":430,"column":0},"end":{"line":430,"column":15}},"430":{"start":{"line":431,"column":0},"end":{"line":431,"column":13}},"431":{"start":{"line":432,"column":0},"end":{"line":432,"column":15}},"432":{"start":{"line":433,"column":0},"end":{"line":433,"column":21}},"433":{"start":{"line":434,"column":0},"end":{"line":434,"column":21}},"434":{"start":{"line":435,"column":0},"end":{"line":435,"column":17}},"435":{"start":{"line":436,"column":0},"end":{"line":436,"column":6}},"436":{"start":{"line":437,"column":0},"end":{"line":437,"column":4}},"437":{"start":{"line":438,"column":0},"end":{"line":438,"column":16}},"438":{"start":{"line":439,"column":0},"end":{"line":439,"column":13}},"439":{"start":{"line":440,"column":0},"end":{"line":440,"column":15}},"440":{"start":{"line":441,"column":0},"end":{"line":441,"column":17}},"441":{"start":{"line":442,"column":0},"end":{"line":442,"column":17}},"442":{"start":{"line":443,"column":0},"end":{"line":443,"column":21}},"443":{"start":{"line":444,"column":0},"end":{"line":444,"column":19}},"444":{"start":{"line":445,"column":0},"end":{"line":445,"column":17}},"445":{"start":{"line":446,"column":0},"end":{"line":446,"column":19}},"446":{"start":{"line":447,"column":0},"end":{"line":447,"column":21}},"447":{"start":{"line":448,"column":0},"end":{"line":448,"column":21}},"448":{"start":{"line":449,"column":0},"end":{"line":449,"column":10}},"449":{"start":{"line":450,"column":0},"end":{"line":450,"column":8}},"450":{"start":{"line":451,"column":0},"end":{"line":451,"column":6}},"451":{"start":{"line":452,"column":0},"end":{"line":452,"column":4}},"452":{"start":{"line":453,"column":0},"end":{"line":453,"column":18}},"453":{"start":{"line":454,"column":0},"end":{"line":454,"column":13}},"454":{"start":{"line":455,"column":0},"end":{"line":455,"column":15}},"455":{"start":{"line":456,"column":0},"end":{"line":456,"column":17}},"456":{"start":{"line":457,"column":0},"end":{"line":457,"column":22}},"457":{"start":{"line":458,"column":0},"end":{"line":458,"column":26}},"458":{"start":{"line":459,"column":0},"end":{"line":459,"column":26}},"459":{"start":{"line":460,"column":0},"end":{"line":460,"column":19}},"460":{"start":{"line":461,"column":0},"end":{"line":461,"column":17}},"461":{"start":{"line":462,"column":0},"end":{"line":462,"column":19}},"462":{"start":{"line":463,"column":0},"end":{"line":463,"column":21}},"463":{"start":{"line":464,"column":0},"end":{"line":464,"column":21}},"464":{"start":{"line":465,"column":0},"end":{"line":465,"column":10}},"465":{"start":{"line":466,"column":0},"end":{"line":466,"column":8}},"466":{"start":{"line":467,"column":0},"end":{"line":467,"column":6}},"467":{"start":{"line":468,"column":0},"end":{"line":468,"column":4}},"468":{"start":{"line":469,"column":0},"end":{"line":469,"column":20}},"469":{"start":{"line":470,"column":0},"end":{"line":470,"column":31}},"470":{"start":{"line":471,"column":0},"end":{"line":471,"column":13}},"471":{"start":{"line":472,"column":0},"end":{"line":472,"column":15}},"472":{"start":{"line":473,"column":0},"end":{"line":473,"column":17}},"473":{"start":{"line":474,"column":0},"end":{"line":474,"column":19}},"474":{"start":{"line":475,"column":0},"end":{"line":475,"column":26}},"475":{"start":{"line":476,"column":0},"end":{"line":476,"column":24}},"476":{"start":{"line":477,"column":0},"end":{"line":477,"column":28}},"477":{"start":{"line":478,"column":0},"end":{"line":478,"column":33}},"478":{"start":{"line":479,"column":0},"end":{"line":479,"column":23}},"479":{"start":{"line":480,"column":0},"end":{"line":480,"column":19}},"480":{"start":{"line":481,"column":0},"end":{"line":481,"column":24}},"481":{"start":{"line":482,"column":0},"end":{"line":482,"column":13}},"482":{"start":{"line":483,"column":0},"end":{"line":483,"column":17}},"483":{"start":{"line":484,"column":0},"end":{"line":484,"column":19}},"484":{"start":{"line":485,"column":0},"end":{"line":485,"column":21}},"485":{"start":{"line":486,"column":0},"end":{"line":486,"column":21}},"486":{"start":{"line":487,"column":0},"end":{"line":487,"column":25}},"487":{"start":{"line":488,"column":0},"end":{"line":488,"column":23}},"488":{"start":{"line":489,"column":0},"end":{"line":489,"column":21}},"489":{"start":{"line":490,"column":0},"end":{"line":490,"column":23}},"490":{"start":{"line":491,"column":0},"end":{"line":491,"column":25}},"491":{"start":{"line":492,"column":0},"end":{"line":492,"column":25}},"492":{"start":{"line":493,"column":0},"end":{"line":493,"column":14}},"493":{"start":{"line":494,"column":0},"end":{"line":494,"column":12}},"494":{"start":{"line":495,"column":0},"end":{"line":495,"column":10}},"495":{"start":{"line":496,"column":0},"end":{"line":496,"column":8}},"496":{"start":{"line":497,"column":0},"end":{"line":497,"column":6}},"497":{"start":{"line":498,"column":0},"end":{"line":498,"column":4}},"498":{"start":{"line":499,"column":0},"end":{"line":499,"column":12}},"499":{"start":{"line":500,"column":0},"end":{"line":500,"column":13}},"500":{"start":{"line":501,"column":0},"end":{"line":501,"column":15}},"501":{"start":{"line":502,"column":0},"end":{"line":502,"column":22}},"502":{"start":{"line":503,"column":0},"end":{"line":503,"column":35}},"503":{"start":{"line":504,"column":0},"end":{"line":504,"column":30}},"504":{"start":{"line":505,"column":0},"end":{"line":505,"column":36}},"505":{"start":{"line":506,"column":0},"end":{"line":506,"column":27}},"506":{"start":{"line":507,"column":0},"end":{"line":507,"column":26}},"507":{"start":{"line":508,"column":0},"end":{"line":508,"column":28}},"508":{"start":{"line":509,"column":0},"end":{"line":509,"column":6}},"509":{"start":{"line":510,"column":0},"end":{"line":510,"column":4}},"510":{"start":{"line":511,"column":0},"end":{"line":511,"column":42}},"512":{"start":{"line":513,"column":0},"end":{"line":513,"column":58}},"513":{"start":{"line":514,"column":0},"end":{"line":514,"column":40}},"514":{"start":{"line":515,"column":0},"end":{"line":515,"column":54}},"515":{"start":{"line":516,"column":0},"end":{"line":516,"column":61}},"516":{"start":{"line":517,"column":0},"end":{"line":517,"column":53}},"517":{"start":{"line":518,"column":0},"end":{"line":518,"column":12}},"518":{"start":{"line":519,"column":0},"end":{"line":519,"column":21}},"519":{"start":{"line":520,"column":0},"end":{"line":520,"column":17}},"520":{"start":{"line":521,"column":0},"end":{"line":521,"column":29}},"521":{"start":{"line":522,"column":0},"end":{"line":522,"column":8}},"522":{"start":{"line":523,"column":0},"end":{"line":523,"column":6}},"523":{"start":{"line":524,"column":0},"end":{"line":524,"column":13}},"524":{"start":{"line":525,"column":0},"end":{"line":525,"column":15}},"525":{"start":{"line":526,"column":0},"end":{"line":526,"column":17}},"526":{"start":{"line":527,"column":0},"end":{"line":527,"column":17}},"527":{"start":{"line":528,"column":0},"end":{"line":528,"column":21}},"528":{"start":{"line":529,"column":0},"end":{"line":529,"column":21}},"529":{"start":{"line":530,"column":0},"end":{"line":530,"column":27}},"530":{"start":{"line":531,"column":0},"end":{"line":531,"column":19}},"531":{"start":{"line":532,"column":0},"end":{"line":532,"column":17}},"532":{"start":{"line":533,"column":0},"end":{"line":533,"column":19}},"533":{"start":{"line":534,"column":0},"end":{"line":534,"column":21}},"534":{"start":{"line":535,"column":0},"end":{"line":535,"column":21}},"535":{"start":{"line":536,"column":0},"end":{"line":536,"column":10}},"536":{"start":{"line":537,"column":0},"end":{"line":537,"column":8}},"537":{"start":{"line":538,"column":0},"end":{"line":538,"column":6}},"538":{"start":{"line":539,"column":0},"end":{"line":539,"column":5}},"540":{"start":{"line":541,"column":0},"end":{"line":541,"column":54}},"541":{"start":{"line":542,"column":0},"end":{"line":542,"column":72}},"542":{"start":{"line":543,"column":0},"end":{"line":543,"column":34}},"543":{"start":{"line":544,"column":0},"end":{"line":544,"column":14}},"544":{"start":{"line":545,"column":0},"end":{"line":545,"column":32}},"545":{"start":{"line":546,"column":0},"end":{"line":546,"column":23}},"546":{"start":{"line":547,"column":0},"end":{"line":547,"column":8}},"547":{"start":{"line":548,"column":0},"end":{"line":548,"column":40}},"548":{"start":{"line":549,"column":0},"end":{"line":549,"column":15}},"549":{"start":{"line":550,"column":0},"end":{"line":550,"column":21}},"550":{"start":{"line":551,"column":0},"end":{"line":551,"column":26}},"551":{"start":{"line":552,"column":0},"end":{"line":552,"column":26}},"552":{"start":{"line":553,"column":0},"end":{"line":553,"column":30}},"553":{"start":{"line":554,"column":0},"end":{"line":554,"column":28}},"554":{"start":{"line":555,"column":0},"end":{"line":555,"column":28}},"555":{"start":{"line":556,"column":0},"end":{"line":556,"column":28}},"556":{"start":{"line":557,"column":0},"end":{"line":557,"column":25}},"557":{"start":{"line":558,"column":0},"end":{"line":558,"column":30}},"558":{"start":{"line":559,"column":0},"end":{"line":559,"column":8}},"559":{"start":{"line":560,"column":0},"end":{"line":560,"column":7}},"560":{"start":{"line":561,"column":0},"end":{"line":561,"column":31}},"561":{"start":{"line":562,"column":0},"end":{"line":562,"column":14}},"562":{"start":{"line":563,"column":0},"end":{"line":563,"column":38}},"563":{"start":{"line":564,"column":0},"end":{"line":564,"column":17}},"564":{"start":{"line":565,"column":0},"end":{"line":565,"column":15}},"565":{"start":{"line":566,"column":0},"end":{"line":566,"column":21}},"566":{"start":{"line":567,"column":0},"end":{"line":567,"column":58}},"567":{"start":{"line":568,"column":0},"end":{"line":568,"column":14}},"568":{"start":{"line":569,"column":0},"end":{"line":569,"column":12}},"569":{"start":{"line":570,"column":0},"end":{"line":570,"column":10}},"570":{"start":{"line":571,"column":0},"end":{"line":571,"column":8}},"571":{"start":{"line":572,"column":0},"end":{"line":572,"column":15}},"572":{"start":{"line":573,"column":0},"end":{"line":573,"column":27}},"573":{"start":{"line":574,"column":0},"end":{"line":574,"column":8}},"574":{"start":{"line":575,"column":0},"end":{"line":575,"column":7}},"575":{"start":{"line":576,"column":0},"end":{"line":576,"column":35}},"576":{"start":{"line":577,"column":0},"end":{"line":577,"column":14}},"577":{"start":{"line":578,"column":0},"end":{"line":578,"column":23}},"578":{"start":{"line":579,"column":0},"end":{"line":579,"column":13}},"579":{"start":{"line":580,"column":0},"end":{"line":580,"column":45}},"580":{"start":{"line":581,"column":0},"end":{"line":581,"column":83}},"581":{"start":{"line":582,"column":0},"end":{"line":582,"column":10}},"582":{"start":{"line":583,"column":0},"end":{"line":583,"column":8}},"583":{"start":{"line":584,"column":0},"end":{"line":584,"column":15}},"584":{"start":{"line":585,"column":0},"end":{"line":585,"column":17}},"585":{"start":{"line":586,"column":0},"end":{"line":586,"column":19}},"586":{"start":{"line":587,"column":0},"end":{"line":587,"column":24}},"587":{"start":{"line":588,"column":0},"end":{"line":588,"column":28}},"588":{"start":{"line":589,"column":0},"end":{"line":589,"column":28}},"589":{"start":{"line":590,"column":0},"end":{"line":590,"column":21}},"590":{"start":{"line":591,"column":0},"end":{"line":591,"column":19}},"591":{"start":{"line":592,"column":0},"end":{"line":592,"column":21}},"592":{"start":{"line":593,"column":0},"end":{"line":593,"column":23}},"593":{"start":{"line":594,"column":0},"end":{"line":594,"column":23}},"594":{"start":{"line":595,"column":0},"end":{"line":595,"column":12}},"595":{"start":{"line":596,"column":0},"end":{"line":596,"column":10}},"596":{"start":{"line":597,"column":0},"end":{"line":597,"column":8}},"597":{"start":{"line":598,"column":0},"end":{"line":598,"column":7}},"598":{"start":{"line":599,"column":0},"end":{"line":599,"column":33}},"599":{"start":{"line":600,"column":0},"end":{"line":600,"column":14}},"600":{"start":{"line":601,"column":0},"end":{"line":601,"column":32}},"601":{"start":{"line":602,"column":0},"end":{"line":602,"column":23}},"602":{"start":{"line":603,"column":0},"end":{"line":603,"column":8}},"603":{"start":{"line":604,"column":0},"end":{"line":604,"column":15}},"604":{"start":{"line":605,"column":0},"end":{"line":605,"column":21}},"605":{"start":{"line":606,"column":0},"end":{"line":606,"column":18}},"606":{"start":{"line":607,"column":0},"end":{"line":607,"column":19}},"607":{"start":{"line":608,"column":0},"end":{"line":608,"column":21}},"608":{"start":{"line":609,"column":0},"end":{"line":609,"column":23}},"609":{"start":{"line":610,"column":0},"end":{"line":610,"column":23}},"610":{"start":{"line":611,"column":0},"end":{"line":611,"column":30}},"611":{"start":{"line":612,"column":0},"end":{"line":612,"column":30}},"612":{"start":{"line":613,"column":0},"end":{"line":613,"column":12}},"613":{"start":{"line":614,"column":0},"end":{"line":614,"column":10}},"614":{"start":{"line":615,"column":0},"end":{"line":615,"column":8}},"615":{"start":{"line":616,"column":0},"end":{"line":616,"column":7}},"616":{"start":{"line":617,"column":0},"end":{"line":617,"column":5}},"618":{"start":{"line":619,"column":0},"end":{"line":619,"column":86}},"619":{"start":{"line":620,"column":0},"end":{"line":620,"column":29}},"620":{"start":{"line":621,"column":0},"end":{"line":621,"column":17}},"621":{"start":{"line":622,"column":0},"end":{"line":622,"column":5}},"623":{"start":{"line":624,"column":0},"end":{"line":624,"column":63}},"624":{"start":{"line":625,"column":0},"end":{"line":625,"column":15}},"625":{"start":{"line":626,"column":0},"end":{"line":626,"column":9}},"627":{"start":{"line":628,"column":0},"end":{"line":628,"column":77}},"628":{"start":{"line":629,"column":0},"end":{"line":629,"column":28}},"629":{"start":{"line":630,"column":0},"end":{"line":630,"column":30}},"630":{"start":{"line":631,"column":0},"end":{"line":631,"column":5}},"632":{"start":{"line":633,"column":0},"end":{"line":633,"column":15}},"633":{"start":{"line":634,"column":0},"end":{"line":634,"column":9}},"635":{"start":{"line":636,"column":0},"end":{"line":636,"column":81}},"636":{"start":{"line":637,"column":0},"end":{"line":637,"column":28}},"637":{"start":{"line":638,"column":0},"end":{"line":638,"column":38}},"638":{"start":{"line":639,"column":0},"end":{"line":639,"column":5}},"640":{"start":{"line":641,"column":0},"end":{"line":641,"column":15}},"641":{"start":{"line":642,"column":0},"end":{"line":642,"column":9}},"643":{"start":{"line":644,"column":0},"end":{"line":644,"column":131}},"644":{"start":{"line":645,"column":0},"end":{"line":645,"column":139}},"646":{"start":{"line":647,"column":0},"end":{"line":647,"column":23}},"647":{"start":{"line":648,"column":0},"end":{"line":648,"column":18}},"648":{"start":{"line":649,"column":0},"end":{"line":649,"column":53}},"649":{"start":{"line":650,"column":0},"end":{"line":650,"column":79}},"650":{"start":{"line":651,"column":0},"end":{"line":651,"column":57}},"651":{"start":{"line":652,"column":0},"end":{"line":652,"column":59}},"652":{"start":{"line":653,"column":0},"end":{"line":653,"column":54}},"653":{"start":{"line":654,"column":0},"end":{"line":654,"column":20}},"654":{"start":{"line":655,"column":0},"end":{"line":655,"column":32}},"655":{"start":{"line":656,"column":0},"end":{"line":656,"column":77}},"656":{"start":{"line":657,"column":0},"end":{"line":657,"column":90}},"657":{"start":{"line":658,"column":0},"end":{"line":658,"column":16}},"658":{"start":{"line":659,"column":0},"end":{"line":659,"column":17}},"659":{"start":{"line":660,"column":0},"end":{"line":660,"column":59}},"660":{"start":{"line":661,"column":0},"end":{"line":661,"column":79}},"661":{"start":{"line":662,"column":0},"end":{"line":662,"column":76}},"662":{"start":{"line":663,"column":0},"end":{"line":663,"column":93}},"663":{"start":{"line":664,"column":0},"end":{"line":664,"column":29}},"664":{"start":{"line":665,"column":0},"end":{"line":665,"column":10}},"665":{"start":{"line":666,"column":0},"end":{"line":666,"column":19}},"666":{"start":{"line":667,"column":0},"end":{"line":667,"column":15}},"667":{"start":{"line":668,"column":0},"end":{"line":668,"column":29}},"668":{"start":{"line":669,"column":0},"end":{"line":669,"column":34}},"669":{"start":{"line":670,"column":0},"end":{"line":670,"column":31}},"670":{"start":{"line":671,"column":0},"end":{"line":671,"column":26}},"671":{"start":{"line":672,"column":0},"end":{"line":672,"column":43}},"672":{"start":{"line":673,"column":0},"end":{"line":673,"column":44}},"673":{"start":{"line":674,"column":0},"end":{"line":674,"column":26}},"674":{"start":{"line":675,"column":0},"end":{"line":675,"column":10}},"675":{"start":{"line":676,"column":0},"end":{"line":676,"column":8}},"677":{"start":{"line":678,"column":0},"end":{"line":678,"column":111}},"678":{"start":{"line":679,"column":0},"end":{"line":679,"column":101}},"679":{"start":{"line":680,"column":0},"end":{"line":680,"column":27}},"680":{"start":{"line":681,"column":0},"end":{"line":681,"column":59}},"681":{"start":{"line":682,"column":0},"end":{"line":682,"column":71}},"682":{"start":{"line":683,"column":0},"end":{"line":683,"column":100}},"683":{"start":{"line":684,"column":0},"end":{"line":684,"column":24}},"685":{"start":{"line":686,"column":0},"end":{"line":686,"column":14}},"686":{"start":{"line":687,"column":0},"end":{"line":687,"column":28}},"687":{"start":{"line":688,"column":0},"end":{"line":688,"column":34}},"688":{"start":{"line":689,"column":0},"end":{"line":689,"column":72}},"689":{"start":{"line":690,"column":0},"end":{"line":690,"column":56}},"690":{"start":{"line":691,"column":0},"end":{"line":691,"column":20}},"691":{"start":{"line":692,"column":0},"end":{"line":692,"column":60}},"692":{"start":{"line":693,"column":0},"end":{"line":693,"column":29}},"693":{"start":{"line":694,"column":0},"end":{"line":694,"column":19}},"694":{"start":{"line":695,"column":0},"end":{"line":695,"column":39}},"695":{"start":{"line":696,"column":0},"end":{"line":696,"column":27}},"696":{"start":{"line":697,"column":0},"end":{"line":697,"column":8}},"697":{"start":{"line":698,"column":0},"end":{"line":698,"column":6}},"698":{"start":{"line":699,"column":0},"end":{"line":699,"column":68}},"699":{"start":{"line":700,"column":0},"end":{"line":700,"column":16}},"700":{"start":{"line":701,"column":0},"end":{"line":701,"column":33}},"701":{"start":{"line":702,"column":0},"end":{"line":702,"column":19}},"702":{"start":{"line":703,"column":0},"end":{"line":703,"column":22}},"703":{"start":{"line":704,"column":0},"end":{"line":704,"column":31}},"704":{"start":{"line":705,"column":0},"end":{"line":705,"column":8}},"705":{"start":{"line":706,"column":0},"end":{"line":706,"column":2}},"707":{"start":{"line":708,"column":0},"end":{"line":708,"column":49}},"708":{"start":{"line":709,"column":0},"end":{"line":709,"column":53}},"710":{"start":{"line":711,"column":0},"end":{"line":711,"column":66}},"711":{"start":{"line":712,"column":0},"end":{"line":712,"column":18}},"712":{"start":{"line":713,"column":0},"end":{"line":713,"column":3}},"714":{"start":{"line":715,"column":0},"end":{"line":715,"column":54}},"715":{"start":{"line":716,"column":0},"end":{"line":716,"column":17}},"716":{"start":{"line":717,"column":0},"end":{"line":717,"column":3}},"718":{"start":{"line":719,"column":0},"end":{"line":719,"column":35}},"719":{"start":{"line":720,"column":0},"end":{"line":720,"column":20}},"720":{"start":{"line":721,"column":0},"end":{"line":721,"column":3}},"722":{"start":{"line":723,"column":0},"end":{"line":723,"column":68}},"723":{"start":{"line":724,"column":0},"end":{"line":724,"column":24}},"724":{"start":{"line":725,"column":0},"end":{"line":725,"column":3}},"726":{"start":{"line":727,"column":0},"end":{"line":727,"column":36}},"727":{"start":{"line":728,"column":0},"end":{"line":728,"column":21}},"728":{"start":{"line":729,"column":0},"end":{"line":729,"column":3}},"730":{"start":{"line":731,"column":0},"end":{"line":731,"column":16}},"731":{"start":{"line":732,"column":0},"end":{"line":732,"column":2}},"733":{"start":{"line":734,"column":0},"end":{"line":734,"column":60}},"734":{"start":{"line":735,"column":0},"end":{"line":735,"column":24}},"735":{"start":{"line":736,"column":0},"end":{"line":736,"column":123}},"736":{"start":{"line":737,"column":0},"end":{"line":737,"column":100}},"737":{"start":{"line":738,"column":0},"end":{"line":738,"column":3}},"739":{"start":{"line":740,"column":0},"end":{"line":740,"column":51}},"740":{"start":{"line":741,"column":0},"end":{"line":741,"column":75}},"741":{"start":{"line":742,"column":0},"end":{"line":742,"column":3}},"743":{"start":{"line":744,"column":0},"end":{"line":744,"column":44}},"744":{"start":{"line":745,"column":0},"end":{"line":745,"column":2}},"746":{"start":{"line":747,"column":0},"end":{"line":747,"column":36}},"747":{"start":{"line":748,"column":0},"end":{"line":748,"column":25}},"748":{"start":{"line":749,"column":0},"end":{"line":749,"column":31}},"750":{"start":{"line":751,"column":0},"end":{"line":751,"column":45}},"751":{"start":{"line":752,"column":0},"end":{"line":752,"column":54}},"752":{"start":{"line":753,"column":0},"end":{"line":753,"column":10}},"753":{"start":{"line":754,"column":0},"end":{"line":754,"column":34}},"754":{"start":{"line":755,"column":0},"end":{"line":755,"column":35}},"755":{"start":{"line":756,"column":0},"end":{"line":756,"column":80}},"756":{"start":{"line":757,"column":0},"end":{"line":757,"column":15}},"757":{"start":{"line":758,"column":0},"end":{"line":758,"column":4}},"758":{"start":{"line":759,"column":0},"end":{"line":759,"column":2}},"760":{"start":{"line":761,"column":0},"end":{"line":761,"column":73}},"761":{"start":{"line":762,"column":0},"end":{"line":762,"column":41}},"762":{"start":{"line":763,"column":0},"end":{"line":763,"column":15}},"763":{"start":{"line":764,"column":0},"end":{"line":764,"column":11}},"764":{"start":{"line":765,"column":0},"end":{"line":765,"column":23}},"765":{"start":{"line":766,"column":0},"end":{"line":766,"column":44}},"766":{"start":{"line":767,"column":0},"end":{"line":767,"column":10}},"767":{"start":{"line":768,"column":0},"end":{"line":768,"column":8}},"768":{"start":{"line":769,"column":0},"end":{"line":769,"column":6}},"769":{"start":{"line":770,"column":0},"end":{"line":770,"column":4}},"771":{"start":{"line":772,"column":0},"end":{"line":772,"column":45}},"772":{"start":{"line":773,"column":0},"end":{"line":773,"column":68}},"773":{"start":{"line":774,"column":0},"end":{"line":774,"column":22}},"774":{"start":{"line":775,"column":0},"end":{"line":775,"column":11}},"775":{"start":{"line":776,"column":0},"end":{"line":776,"column":36}},"776":{"start":{"line":777,"column":0},"end":{"line":777,"column":8}},"777":{"start":{"line":778,"column":0},"end":{"line":778,"column":6}},"778":{"start":{"line":779,"column":0},"end":{"line":779,"column":3}},"780":{"start":{"line":781,"column":0},"end":{"line":781,"column":21}},"781":{"start":{"line":782,"column":0},"end":{"line":782,"column":16}},"782":{"start":{"line":783,"column":0},"end":{"line":783,"column":50}},"783":{"start":{"line":784,"column":0},"end":{"line":784,"column":53}},"784":{"start":{"line":785,"column":0},"end":{"line":785,"column":60}},"785":{"start":{"line":786,"column":0},"end":{"line":786,"column":63}},"786":{"start":{"line":787,"column":0},"end":{"line":787,"column":6}},"787":{"start":{"line":788,"column":0},"end":{"line":788,"column":3}},"789":{"start":{"line":790,"column":0},"end":{"line":790,"column":53}},"790":{"start":{"line":791,"column":0},"end":{"line":791,"column":34}},"791":{"start":{"line":792,"column":0},"end":{"line":792,"column":27}},"792":{"start":{"line":793,"column":0},"end":{"line":793,"column":12}},"793":{"start":{"line":794,"column":0},"end":{"line":794,"column":43}},"794":{"start":{"line":795,"column":0},"end":{"line":795,"column":43}},"795":{"start":{"line":796,"column":0},"end":{"line":796,"column":24}},"796":{"start":{"line":797,"column":0},"end":{"line":797,"column":41}},"797":{"start":{"line":798,"column":0},"end":{"line":798,"column":7}},"798":{"start":{"line":799,"column":0},"end":{"line":799,"column":5}},"800":{"start":{"line":801,"column":0},"end":{"line":801,"column":61}},"802":{"start":{"line":803,"column":0},"end":{"line":803,"column":10}},"803":{"start":{"line":804,"column":0},"end":{"line":804,"column":10}},"804":{"start":{"line":805,"column":0},"end":{"line":805,"column":10}},"805":{"start":{"line":806,"column":0},"end":{"line":806,"column":4}},"806":{"start":{"line":807,"column":0},"end":{"line":807,"column":2}},"808":{"start":{"line":809,"column":0},"end":{"line":809,"column":74}},"809":{"start":{"line":810,"column":0},"end":{"line":810,"column":47}},"810":{"start":{"line":811,"column":0},"end":{"line":811,"column":27}},"811":{"start":{"line":812,"column":0},"end":{"line":812,"column":39}},"812":{"start":{"line":813,"column":0},"end":{"line":813,"column":5}},"814":{"start":{"line":815,"column":0},"end":{"line":815,"column":15}},"815":{"start":{"line":816,"column":0},"end":{"line":816,"column":48}},"816":{"start":{"line":817,"column":0},"end":{"line":817,"column":3}},"818":{"start":{"line":819,"column":0},"end":{"line":819,"column":30}},"819":{"start":{"line":820,"column":0},"end":{"line":820,"column":2}},"821":{"start":{"line":822,"column":0},"end":{"line":822,"column":71}},"822":{"start":{"line":823,"column":0},"end":{"line":823,"column":54}},"824":{"start":{"line":825,"column":0},"end":{"line":825,"column":21}},"825":{"start":{"line":826,"column":0},"end":{"line":826,"column":16}},"826":{"start":{"line":827,"column":0},"end":{"line":827,"column":61}},"827":{"start":{"line":828,"column":0},"end":{"line":828,"column":71}},"828":{"start":{"line":829,"column":0},"end":{"line":829,"column":74}},"829":{"start":{"line":830,"column":0},"end":{"line":830,"column":43}},"830":{"start":{"line":831,"column":0},"end":{"line":831,"column":56}},"831":{"start":{"line":832,"column":0},"end":{"line":832,"column":6}},"832":{"start":{"line":833,"column":0},"end":{"line":833,"column":3}},"834":{"start":{"line":835,"column":0},"end":{"line":835,"column":56}},"835":{"start":{"line":836,"column":0},"end":{"line":836,"column":45}},"836":{"start":{"line":837,"column":0},"end":{"line":837,"column":38}},"837":{"start":{"line":838,"column":0},"end":{"line":838,"column":12}},"838":{"start":{"line":839,"column":0},"end":{"line":839,"column":46}},"839":{"start":{"line":840,"column":0},"end":{"line":840,"column":43}},"840":{"start":{"line":841,"column":0},"end":{"line":841,"column":24}},"841":{"start":{"line":842,"column":0},"end":{"line":842,"column":37}},"842":{"start":{"line":843,"column":0},"end":{"line":843,"column":7}},"843":{"start":{"line":844,"column":0},"end":{"line":844,"column":5}},"845":{"start":{"line":846,"column":0},"end":{"line":846,"column":10}},"846":{"start":{"line":847,"column":0},"end":{"line":847,"column":39}},"847":{"start":{"line":848,"column":0},"end":{"line":848,"column":38}},"848":{"start":{"line":849,"column":0},"end":{"line":849,"column":32}},"849":{"start":{"line":850,"column":0},"end":{"line":850,"column":40}},"850":{"start":{"line":851,"column":0},"end":{"line":851,"column":42}},"851":{"start":{"line":852,"column":0},"end":{"line":852,"column":42}},"852":{"start":{"line":853,"column":0},"end":{"line":853,"column":42}},"853":{"start":{"line":854,"column":0},"end":{"line":854,"column":44}},"854":{"start":{"line":855,"column":0},"end":{"line":855,"column":48}},"855":{"start":{"line":856,"column":0},"end":{"line":856,"column":26}},"856":{"start":{"line":857,"column":0},"end":{"line":857,"column":45}},"857":{"start":{"line":858,"column":0},"end":{"line":858,"column":78}},"858":{"start":{"line":859,"column":0},"end":{"line":859,"column":38}},"859":{"start":{"line":860,"column":0},"end":{"line":860,"column":49}},"860":{"start":{"line":861,"column":0},"end":{"line":861,"column":55}},"861":{"start":{"line":862,"column":0},"end":{"line":862,"column":79}},"862":{"start":{"line":863,"column":0},"end":{"line":863,"column":52}},"863":{"start":{"line":864,"column":0},"end":{"line":864,"column":8}},"864":{"start":{"line":865,"column":0},"end":{"line":865,"column":10}},"865":{"start":{"line":866,"column":0},"end":{"line":866,"column":4}},"866":{"start":{"line":867,"column":0},"end":{"line":867,"column":2}},"868":{"start":{"line":869,"column":0},"end":{"line":869,"column":62}},"869":{"start":{"line":870,"column":0},"end":{"line":870,"column":61}},"870":{"start":{"line":871,"column":0},"end":{"line":871,"column":18}},"871":{"start":{"line":872,"column":0},"end":{"line":872,"column":35}},"872":{"start":{"line":873,"column":0},"end":{"line":873,"column":5}},"874":{"start":{"line":875,"column":0},"end":{"line":875,"column":18}},"875":{"start":{"line":876,"column":0},"end":{"line":876,"column":60}},"876":{"start":{"line":877,"column":0},"end":{"line":877,"column":3}},"878":{"start":{"line":879,"column":0},"end":{"line":879,"column":10}},"879":{"start":{"line":880,"column":0},"end":{"line":880,"column":36}},"880":{"start":{"line":881,"column":0},"end":{"line":881,"column":30}},"881":{"start":{"line":882,"column":0},"end":{"line":882,"column":38}},"882":{"start":{"line":883,"column":0},"end":{"line":883,"column":40}},"883":{"start":{"line":884,"column":0},"end":{"line":884,"column":40}},"884":{"start":{"line":885,"column":0},"end":{"line":885,"column":40}},"885":{"start":{"line":886,"column":0},"end":{"line":886,"column":42}},"886":{"start":{"line":887,"column":0},"end":{"line":887,"column":46}},"887":{"start":{"line":888,"column":0},"end":{"line":888,"column":24}},"888":{"start":{"line":889,"column":0},"end":{"line":889,"column":43}},"889":{"start":{"line":890,"column":0},"end":{"line":890,"column":76}},"890":{"start":{"line":891,"column":0},"end":{"line":891,"column":36}},"891":{"start":{"line":892,"column":0},"end":{"line":892,"column":47}},"892":{"start":{"line":893,"column":0},"end":{"line":893,"column":53}},"893":{"start":{"line":894,"column":0},"end":{"line":894,"column":77}},"894":{"start":{"line":895,"column":0},"end":{"line":895,"column":50}},"895":{"start":{"line":896,"column":0},"end":{"line":896,"column":4}},"896":{"start":{"line":897,"column":0},"end":{"line":897,"column":2}},"898":{"start":{"line":899,"column":0},"end":{"line":899,"column":63}},"899":{"start":{"line":900,"column":0},"end":{"line":900,"column":16}},"900":{"start":{"line":901,"column":0},"end":{"line":901,"column":16}},"901":{"start":{"line":902,"column":0},"end":{"line":902,"column":3}},"903":{"start":{"line":904,"column":0},"end":{"line":904,"column":45}},"904":{"start":{"line":905,"column":0},"end":{"line":905,"column":26}},"905":{"start":{"line":906,"column":0},"end":{"line":906,"column":13}},"906":{"start":{"line":907,"column":0},"end":{"line":907,"column":15}},"907":{"start":{"line":908,"column":0},"end":{"line":908,"column":6}},"908":{"start":{"line":909,"column":0},"end":{"line":909,"column":5}},"910":{"start":{"line":911,"column":0},"end":{"line":911,"column":14}},"911":{"start":{"line":912,"column":0},"end":{"line":912,"column":47}},"912":{"start":{"line":913,"column":0},"end":{"line":913,"column":3}},"914":{"start":{"line":915,"column":0},"end":{"line":915,"column":17}},"915":{"start":{"line":916,"column":0},"end":{"line":916,"column":2}},"917":{"start":{"line":918,"column":0},"end":{"line":918,"column":67}},"918":{"start":{"line":919,"column":0},"end":{"line":919,"column":18}},"919":{"start":{"line":920,"column":0},"end":{"line":920,"column":16}},"920":{"start":{"line":921,"column":0},"end":{"line":921,"column":3}},"922":{"start":{"line":923,"column":0},"end":{"line":923,"column":56}},"923":{"start":{"line":924,"column":0},"end":{"line":924,"column":28}},"924":{"start":{"line":925,"column":0},"end":{"line":925,"column":13}},"925":{"start":{"line":926,"column":0},"end":{"line":926,"column":15}},"926":{"start":{"line":927,"column":0},"end":{"line":927,"column":6}},"927":{"start":{"line":928,"column":0},"end":{"line":928,"column":5}},"929":{"start":{"line":930,"column":0},"end":{"line":930,"column":16}},"930":{"start":{"line":931,"column":0},"end":{"line":931,"column":49}},"931":{"start":{"line":932,"column":0},"end":{"line":932,"column":3}},"933":{"start":{"line":934,"column":0},"end":{"line":934,"column":19}},"934":{"start":{"line":935,"column":0},"end":{"line":935,"column":2}},"936":{"start":{"line":937,"column":0},"end":{"line":937,"column":63}},"937":{"start":{"line":938,"column":0},"end":{"line":938,"column":16}},"938":{"start":{"line":939,"column":0},"end":{"line":939,"column":16}},"939":{"start":{"line":940,"column":0},"end":{"line":940,"column":3}},"941":{"start":{"line":942,"column":0},"end":{"line":942,"column":45}},"942":{"start":{"line":943,"column":0},"end":{"line":943,"column":26}},"943":{"start":{"line":944,"column":0},"end":{"line":944,"column":13}},"944":{"start":{"line":945,"column":0},"end":{"line":945,"column":15}},"945":{"start":{"line":946,"column":0},"end":{"line":946,"column":6}},"946":{"start":{"line":947,"column":0},"end":{"line":947,"column":5}},"948":{"start":{"line":949,"column":0},"end":{"line":949,"column":14}},"949":{"start":{"line":950,"column":0},"end":{"line":950,"column":47}},"950":{"start":{"line":951,"column":0},"end":{"line":951,"column":3}},"952":{"start":{"line":953,"column":0},"end":{"line":953,"column":17}},"953":{"start":{"line":954,"column":0},"end":{"line":954,"column":2}},"955":{"start":{"line":956,"column":0},"end":{"line":956,"column":69}},"956":{"start":{"line":957,"column":0},"end":{"line":957,"column":19}},"957":{"start":{"line":958,"column":0},"end":{"line":958,"column":16}},"958":{"start":{"line":959,"column":0},"end":{"line":959,"column":3}},"960":{"start":{"line":961,"column":0},"end":{"line":961,"column":58}},"961":{"start":{"line":962,"column":0},"end":{"line":962,"column":29}},"962":{"start":{"line":963,"column":0},"end":{"line":963,"column":13}},"963":{"start":{"line":964,"column":0},"end":{"line":964,"column":15}},"964":{"start":{"line":965,"column":0},"end":{"line":965,"column":6}},"965":{"start":{"line":966,"column":0},"end":{"line":966,"column":5}},"967":{"start":{"line":968,"column":0},"end":{"line":968,"column":17}},"968":{"start":{"line":969,"column":0},"end":{"line":969,"column":50}},"969":{"start":{"line":970,"column":0},"end":{"line":970,"column":3}},"971":{"start":{"line":972,"column":0},"end":{"line":972,"column":20}},"972":{"start":{"line":973,"column":0},"end":{"line":973,"column":2}},"974":{"start":{"line":975,"column":0},"end":{"line":975,"column":60}},"975":{"start":{"line":976,"column":0},"end":{"line":976,"column":47}},"976":{"start":{"line":977,"column":0},"end":{"line":977,"column":27}},"977":{"start":{"line":978,"column":0},"end":{"line":978,"column":39}},"978":{"start":{"line":979,"column":0},"end":{"line":979,"column":5}},"980":{"start":{"line":981,"column":0},"end":{"line":981,"column":15}},"981":{"start":{"line":982,"column":0},"end":{"line":982,"column":48}},"982":{"start":{"line":983,"column":0},"end":{"line":983,"column":3}},"984":{"start":{"line":985,"column":0},"end":{"line":985,"column":15}},"985":{"start":{"line":986,"column":0},"end":{"line":986,"column":2}},"987":{"start":{"line":988,"column":0},"end":{"line":988,"column":45}},"988":{"start":{"line":989,"column":0},"end":{"line":989,"column":10}},"1018":{"start":{"line":1019,"column":0},"end":{"line":1019,"column":6}},"1019":{"start":{"line":1020,"column":0},"end":{"line":1020,"column":61}},"1020":{"start":{"line":1021,"column":0},"end":{"line":1021,"column":77}},"1021":{"start":{"line":1022,"column":0},"end":{"line":1022,"column":20}},"1022":{"start":{"line":1023,"column":0},"end":{"line":1023,"column":57}},"1023":{"start":{"line":1024,"column":0},"end":{"line":1024,"column":33}},"1024":{"start":{"line":1025,"column":0},"end":{"line":1025,"column":42}},"1025":{"start":{"line":1026,"column":0},"end":{"line":1026,"column":7}},"1027":{"start":{"line":1028,"column":0},"end":{"line":1028,"column":21}},"1028":{"start":{"line":1029,"column":0},"end":{"line":1029,"column":55}},"1029":{"start":{"line":1030,"column":0},"end":{"line":1030,"column":5}},"1031":{"start":{"line":1032,"column":0},"end":{"line":1032,"column":41}},"1032":{"start":{"line":1033,"column":0},"end":{"line":1033,"column":74}},"1033":{"start":{"line":1034,"column":0},"end":{"line":1034,"column":5}},"1034":{"start":{"line":1035,"column":0},"end":{"line":1035,"column":3}},"1036":{"start":{"line":1037,"column":0},"end":{"line":1037,"column":77}},"1038":{"start":{"line":1039,"column":0},"end":{"line":1039,"column":79}},"1039":{"start":{"line":1040,"column":0},"end":{"line":1040,"column":85}},"1040":{"start":{"line":1041,"column":0},"end":{"line":1041,"column":74}},"1042":{"start":{"line":1043,"column":0},"end":{"line":1043,"column":55}},"1043":{"start":{"line":1044,"column":0},"end":{"line":1044,"column":30}},"1044":{"start":{"line":1045,"column":0},"end":{"line":1045,"column":61}},"1045":{"start":{"line":1046,"column":0},"end":{"line":1046,"column":29}},"1046":{"start":{"line":1047,"column":0},"end":{"line":1047,"column":40}},"1047":{"start":{"line":1048,"column":0},"end":{"line":1048,"column":32}},"1048":{"start":{"line":1049,"column":0},"end":{"line":1049,"column":38}},"1049":{"start":{"line":1050,"column":0},"end":{"line":1050,"column":50}},"1050":{"start":{"line":1051,"column":0},"end":{"line":1051,"column":46}},"1051":{"start":{"line":1052,"column":0},"end":{"line":1052,"column":54}},"1052":{"start":{"line":1053,"column":0},"end":{"line":1053,"column":64}},"1053":{"start":{"line":1054,"column":0},"end":{"line":1054,"column":44}},"1054":{"start":{"line":1055,"column":0},"end":{"line":1055,"column":36}},"1055":{"start":{"line":1056,"column":0},"end":{"line":1056,"column":46}},"1056":{"start":{"line":1057,"column":0},"end":{"line":1057,"column":125}},"1058":{"start":{"line":1059,"column":0},"end":{"line":1059,"column":54}},"1059":{"start":{"line":1060,"column":0},"end":{"line":1060,"column":53}},"1060":{"start":{"line":1061,"column":0},"end":{"line":1061,"column":3}},"1062":{"start":{"line":1063,"column":0},"end":{"line":1063,"column":140}},"1063":{"start":{"line":1064,"column":0},"end":{"line":1064,"column":64}},"1064":{"start":{"line":1065,"column":0},"end":{"line":1065,"column":90}},"1065":{"start":{"line":1066,"column":0},"end":{"line":1066,"column":4}},"1066":{"start":{"line":1067,"column":0},"end":{"line":1067,"column":129}},"1067":{"start":{"line":1068,"column":0},"end":{"line":1068,"column":96}},"1068":{"start":{"line":1069,"column":0},"end":{"line":1069,"column":24}},"1069":{"start":{"line":1070,"column":0},"end":{"line":1070,"column":36}},"1070":{"start":{"line":1071,"column":0},"end":{"line":1071,"column":122}},"1072":{"start":{"line":1073,"column":0},"end":{"line":1073,"column":58}},"1073":{"start":{"line":1074,"column":0},"end":{"line":1074,"column":66}},"1074":{"start":{"line":1075,"column":0},"end":{"line":1075,"column":14}},"1075":{"start":{"line":1076,"column":0},"end":{"line":1076,"column":26}},"1076":{"start":{"line":1077,"column":0},"end":{"line":1077,"column":8}},"1077":{"start":{"line":1078,"column":0},"end":{"line":1078,"column":15}},"1078":{"start":{"line":1079,"column":0},"end":{"line":1079,"column":17}},"1079":{"start":{"line":1080,"column":0},"end":{"line":1080,"column":8}},"1080":{"start":{"line":1081,"column":0},"end":{"line":1081,"column":7}},"1082":{"start":{"line":1083,"column":0},"end"
[...]
2":1,"393":1,"394":1,"395":1,"396":1,"397":1,"398":1,"399":1,"400":1,"401":1,"402":1,"403":1,"404":1,"405":1,"406":1,"407":1,"408":1,"409":1,"410":1,"411":1,"412":1,"413":1,"414":1,"415":1,"416":1,"417":1,"418":1,"419":1,"420":1,"421":1,"422":1,"423":1,"424":1,"425":1,"426":1,"427":1,"428":1,"429":1,"430":1,"431":1,"432":1,"433":1,"434":1,"436":1,"437":1,"438":1,"439":1,"440":1,"441":1,"442":1,"443":1,"444":1,"445":1,"446":1,"447":1,"448":1,"449":1,"450":1,"451":1,"452":1,"453":1,"454":1,"455":1,"456":1,"457":1,"458":1,"459":1,"460":1,"461":1,"462":1,"463":1,"464":1,"465":1,"466":1,"467":1,"468":1,"469":1,"470":1,"471":1,"472":1,"473":1,"474":1,"475":1,"476":1,"477":1,"478":1,"479":1,"480":1,"481":1,"482":1,"483":1,"484":1,"485":1,"486":1,"487":1,"488":1,"489":1,"490":1,"491":1,"492":1,"493":1,"494":1,"495":1,"496":1,"497":1,"498":1,"499":1,"500":1,"501":1,"502":1,"503":1,"504":1,"505":1,"506":1,"507":1,"508":1,"509":1,"510":1,"511":1,"512":1,"513":1,"514":1,"515":1,"516":1,"517":1,"518":1,"519":1,"520":1,"521":1,"522":1,"523":1,"524":1,"525":1,"526":1,"527":1,"528":1,"529":1,"530":1,"531":1,"532":1,"533":1,"534":1,"535":1,"536":1,"537":1,"538":1,"539":1,"540":1,"541":1,"542":1,"543":1,"544":1,"545":1,"546":1,"547":1,"548":1,"549":1,"550":1,"551":1,"552":1,"553":1,"554":1,"555":1,"556":1,"557":1,"558":1,"559":1,"560":1,"561":1,"562":1,"563":1,"564":1,"565":1,"566":1,"567":1,"568":1,"569":1,"570":1,"571":1,"572":1,"573":1,"574":1,"575":1,"576":1,"577":1,"578":1,"579":1,"580":1,"581":1,"582":1,"583":1,"584":1,"585":1,"586":1,"587":1,"588":1,"589":1,"590":1,"591":1,"592":1,"593":1,"594":1,"595":1,"596":1,"597":1,"598":1,"599":1,"600":1,"601":1,"602":1,"603":1,"604":1,"605":1,"606":1,"607":1,"608":1,"609":1,"610":1,"611":1,"612":1,"613":1,"614":1,"615":1,"616":1,"617":1,"618":1,"619":1,"620":1,"621":1,"622":1,"623":1,"624":1,"625":1,"626":1,"627":1,"628":1,"629":1,"630":1,"631":1,"632":1,"633":1,"634":1,"635":1,"636":1,"637":1,"638":1,"639":1,"640":1,"642":1,"643":7,"644":7,"646":7,"647":1,"648":1,"649":1,"650":1,"651":1,"652":7,"653":0,"654":0,"655":0,"656":0,"657":0,"658":0,"659":0,"660":0,"662":7,"663":0,"664":0,"665":0,"666":0,"667":0,"668":0,"669":0,"670":0,"671":0,"672":0,"673":0,"675":7,"676":7,"677":7,"678":7,"680":7,"681":18,"682":36,"683":24,"684":24,"685":1,"686":0,"687":0,"688":0,"689":36,"691":18,"692":18,"693":18,"694":18,"695":1,"696":1,"698":18,"699":18,"700":10,"701":10,"703":18,"704":18,"705":3,"706":3,"708":4,"709":4,"710":4,"712":0,"713":7,"715":7,"716":7,"717":7,"719":7,"720":7,"721":7,"722":7,"723":7,"725":1,"726":1,"727":1,"728":1,"729":1,"731":1,"732":1,"733":1,"735":0,"736":0},"branchMap":{"0":{"type":"branch","line":54,"loc":{"start":{"line":54,"column":22},"end":{"line":64,"column":2}},"locations":[{"start":{"line":54,"column":22},"end":{"line":64,"column":2}}]},"1":{"type":"branch","line":55,"loc":{"start":{"line":55,"column":19},"end":{"line":57,"column":3}},"locations":[{"start":{"line":55,"column":19},"end":{"line":57,"column":3}}]},"2":{"type":"branch","line":66,"loc":{"start":{"line":66,"column":16},"end":{"line":78,"column":2}},"locations":[{"start":{"line":66,"column":16},"end":{"line":78,"column":2}}]},"3":{"type":"branch","line":67,"loc":{"start":{"line":67,"column":13},"end":{"line":69,"column":3}},"locations":[{"start":{"line":67,"column":13},"end":{"line":69,"column":3}}]},"4":{"type":"branch","line":75,"loc":{"start":{"line":75,"column":19},"end":{"line":75,"column":36}},"locations":[{"start":{"line":75,"column":19},"end":{"line":75,"column":36}}]},"5":{"type":"branch","line":76,"loc":{"start":{"line":76,"column":35},"end":{"line":76,"column":53}},"locations":[{"start":{"line":76,"column":35},"end":{"line":76,"column":53}}]},"6":{"type":"branch","line":80,"loc":{"start":{"line":80,"column":19},"end":{"line":92,"column":2}},"locations":[{"start":{"line":80,"column":19},"end":{"line":92,"column":2}}]},"7":{"type":"branch","line":83,"loc":{"start":{"line":83,"column":2},"end":{"line":89,"column":45}},"locations":[{"start":{"line":83,"column":2},"end":{"line":89,"column":45}}]},"8":{"type":"branch","line":90,"loc":{"start":{"line":90,"column":25},"end":{"line":90,"column":45}},"locations":[{"start":{"line":90,"column":25},"end":{"line":90,"column":45}}]},"9":{"type":"branch","line":94,"loc":{"start":{"line":94,"column":18},"end":{"line":106,"column":2}},"locations":[{"start":{"line":94,"column":18},"end":{"line":106,"column":2}}]},"10":{"type":"branch","line":95,"loc":{"start":{"line":95,"column":15},"end":{"line":97,"column":3}},"locations":[{"start":{"line":95,"column":15},"end":{"line":97,"column":3}}]},"11":{"type":"branch","line":97,"loc":{"start":{"line":97,"column":2},"end":{"line":104,"column":55}},"locations":[{"start":{"line":97,"column":2},"end":{"line":104,"column":55}}]},"12":{"type":"branch","line":104,"loc":{"start":{"line":104,"column":37},"end":{"line":104,"column":55}},"locations":[{"start":{"line":104,"column":37},"end":{"line":104,"column":55}}]},"13":{"type":"branch","line":108,"loc":{"start":{"line":108,"column":19},"end":{"line":115,"column":3}},"locations":[{"start":{"line":108,"column":19},"end":{"line":115,"column":3}}]},"14":{"type":"branch","line":117,"loc":{"start":{"line":117,"column":23},"end":{"line":124,"column":2}},"locations":[{"start":{"line":117,"column":23},"end":{"line":124,"column":2}}]},"15":{"type":"branch","line":118,"loc":{"start":{"line":118,"column":14},"end":{"line":120,"column":3}},"locations":[{"start":{"line":118,"column":14},"end":{"line":120,"column":3}}]},"16":{"type":"branch","line":123,"loc":{"start":{"line":123,"column":36},"end":{"line":123,"column":51}},"locations":[{"start":{"line":123,"column":36},"end":{"line":123,"column":51}}]},"17":{"type":"branch","line":126,"loc":{"start":{"line":126,"column":24},"end":{"line":130,"column":2}},"locations":[{"start":{"line":126,"column":24},"end":{"line":130,"column":2}}]},"18":{"type":"branch","line":129,"loc":{"start":{"line":129,"column":19},"end":{"line":129,"column":57}},"locations":[{"start":{"line":129,"column":19},"end":{"line":129,"column":57}}]},"19":{"type":"branch","line":129,"loc":{"start":{"line":129,"column":35},"end":{"line":129,"column":57}},"locations":[{"start":{"line":129,"column":35},"end":{"line":129,"column":57}}]},"20":{"type":"branch","line":129,"loc":{"start":{"line":129,"column":47},"end":{"line":129,"column":97}},"locations":[{"start":{"line":129,"column":47},"end":{"line":129,"column":97}}]},"21":{"type":"branch","line":129,"loc":{"start":{"line":129,"column":74},"end":{"line":129,"column":97}},"locations":[{"start":{"line":129,"column":74},"end":{"line":129,"column":97}}]},"22":{"type":"branch","line":129,"loc":{"start":{"line":129,"column":87},"end":{"line":129,"column":102}},"locations":[{"start":{"line":129,"column":87},"end":{"line":129,"column":102}}]},"23":{"type":"branch","line":132,"loc":{"start":{"line":132,"column":22},"end":{"line":136,"column":2}},"locations":[{"start":{"line":132,"column":22},"end":{"line":136,"column":2}}]},"24":{"type":"branch","line":135,"loc":{"start":{"line":135,"column":19},"end":{"line":135,"column":53}},"locations":[{"start":{"line":135,"column":19},"end":{"line":135,"column":53}}]},"25":{"type":"branch","line":135,"loc":{"start":{"line":135,"column":45},"end":{"line":135,"column":91}},"locations":[{"start":{"line":135,"column":45},"end":{"line":135,"column":91}}]},"26":{"type":"branch","line":135,"loc":{"start":{"line":135,"column":83},"end":{"line":135,"column":96}},"locations":[{"start":{"line":135,"column":83},"end":{"line":135,"column":96}}]},"27":{"type":"branch","line":138,"loc":{"start":{"line":138,"column":25},"end":{"line":142,"column":2}},"locations":[{"start":{"line":138,"column":25},"end":{"line":142,"column":2}}]},"28":{"type":"branch","line":141,"loc":{"start":{"line":141,"column":26},"end":{"line":141,"column":50}},"locations":[{"start":{"line":141,"column":26},"end":{"line":141,"column":50}}]},"29":{"type":"branch","line":141,"loc":{"start":{"line":141,"column":50},"end":{"line":141,"column":73}},"locations":[{"start":{"line":141,"column":50},"end":{"line":141,"column":73}}]},"30":{"type":"branch","line":144,"loc":{"start":{"line":144,"column":22},"end":{"line":164,"column":3}},"locations":[{"start":{"line":144,"column":22},"end":{"line":164,"column":3}}]},"31":{"type":"branch","line":148,"loc":{"start":{"line":148,"column":32},"end":{"line":148,"column":53}},"locations":[{"start":{"line":148,"column":32},"end":{"line":148,"column":53}}]},"32":{"type":"branch","line":154,"loc":{"start":{"line":154,"column":6},"end":{"line":155,"column":11}},"locations":[{"start":{"line":154,"column":6},"end":{"line":155,"column":11}}]},"33":{"type":"branch","line":156,"loc":{"start":{"line":156,"column":21},"end":{"line":162,"column":7}},"locations":[{"start":{"line":156,"column":21},"end":{"line":162,"column":7}}]},"34":{"type":"branch","line":166,"loc":{"start":{"line":166,"column":23},"end":{"line":174,"column":3}},"locations":[{"start":{"line":166,"column":23},"end":{"line":174,"column":3}}]},"35":{"type":"branch","line":216,"loc":{"start":{"line":216,"column":21},"end":{"line":253,"column":2}},"locations":[{"start":{"line":216,"column":21},"end":{"line":253,"column":2}}]},"36":{"type":"branch","line":217,"loc":{"start":{"line":217,"column":67},"end":{"line":217,"column":76}},"locations":[{"start":{"line":217,"column":67},"end":{"line":217,"column":76}}]},"37":{"type":"branch","line":222,"loc":{"start":{"line":222,"column":20},"end":{"line":222,"column":55}},"locations":[{"start":{"line":222,"column":20},"end":{"line":222,"column":55}}]},"38":{"type":"branch","line":226,"loc":{"start":{"line":226,"column":34},"end":{"line":226,"column":54}},"locations":[{"start":{"line":226,"column":34},"end":{"line":226,"column":54}}]},"39":{"type":"branch","line":233,"loc":{"start":{"line":233,"column":27},"end":{"line":233,"column":49}},"locations":[{"start":{"line":233,"column":27},"end":{"line":233,"column":49}}]},"40":{"type":"branch","line":250,"loc":{"start":{"line":250,"column":26},"end":{"line":250,"column":43}},"locations":[{"start":{"line":250,"column":26},"end":{"line":250,"column":43}}]},"41":{"type":"branch","line":251,"loc":{"start":{"line":251,"column":22},"end":{"line":251,"column":35}},"locations":[{"start":{"line":251,"column":22},"end":{"line":251,"column":35}}]},"42":{"type":"branch","line":643,"loc":{"start":{"line":643,"column":29},"end":{"line":724,"column":2}},"locations":[{"start":{"line":643,"column":29},"end":{"line":724,"column":2}}]},"43":{"type":"branch","line":647,"loc":{"start":{"line":647,"column":27},"end":{"line":647,"column":63}},"locations":[{"start":{"line":647,"column":27},"end":{"line":647,"column":63}}]},"44":{"type":"branch","line":647,"loc":{"start":{"line":647,"column":63},"end":{"line":653,"column":13}},"locations":[{"start":{"line":647,"column":63},"end":{"line":653,"column":13}}]},"45":{"type":"branch","line":653,"loc":{"start":{"line":653,"column":2},"end":{"line":661,"column":3}},"locations":[{"start":{"line":653,"column":2},"end":{"line":661,"column":3}}]},"46":{"type":"branch","line":653,"loc":{"start":{"line":653,"column":45},"end":{"line":661,"column":3}},"locations":[{"start":{"line":653,"column":45},"end":{"line":661,"column":3}}]},"47":{"type":"branch","line":663,"loc":{"start":{"line":663,"column":20},"end":{"line":674,"column":3}},"locations":[{"start":{"line":663,"column":20},"end":{"line":674,"column":3}}]},"48":{"type":"branch","line":681,"loc":{"start":{"line":681,"column":28},"end":{"line":714,"column":3}},"locations":[{"start":{"line":681,"column":28},"end":{"line":714,"column":3}}]},"49":{"type":"branch","line":695,"loc":{"start":{"line":695,"column":24},"end":{"line":697,"column":5}},"locations":[{"start":{"line":695,"column":24},"end":{"line":697,"column":5}}]},"50":{"type":"branch","line":697,"loc":{"start":{"line":697,"column":4},"end":{"line":699,"column":52}},"locations":[{"start":{"line":697,"column":4},"end":{"line":699,"column":52}}]},"51":{"type":"branch","line":699,"loc":{"start":{"line":699,"column":47},"end":{"line":699,"column":59}},"locations":[{"start":{"line":699,"column":47},"end":{"line":699,"column":59}}]},"52":{"type":"branch","line":699,"loc":{"start":{"line":699,"column":87},"end":{"line":699,"column":96}},"locations":[{"start":{"line":699,"column":87},"end":{"line":699,"column":96}}]},"53":{"type":"branch","line":700,"loc":{"start":{"line":700,"column":22},"end":{"line":702,"column":5}},"locations":[{"start":{"line":700,"column":22},"end":{"line":702,"column":5}}]},"54":{"type":"branch","line":702,"loc":{"start":{"line":702,"column":4},"end":{"line":704,"column":52}},"locations":[{"start":{"line":702,"column":4},"end":{"line":704,"column":52}}]},"55":{"type":"branch","line":704,"loc":{"start":{"line":704,"column":35},"end":{"line":704,"column":58}},"locations":[{"start":{"line":704,"column":35},"end":{"line":704,"column":58}}]},"56":{"type":"branch","line":704,"loc":{"start":{"line":704,"column":63},"end":{"line":704,"column":88}},"locations":[{"start":{"line":704,"column":63},"end":{"line":704,"column":88}}]},"57":{"type":"branch","line":704,"loc":{"start":{"line":704,"column":71},"end":{"line":704,"column":91}},"locations":[{"start":{"line":704,"column":71},"end":{"line":704,"column":91}}]},"58":{"type":"branch","line":705,"loc":{"start":{"line":705,"column":23},"end":{"line":707,"column":5}},"locations":[{"start":{"line":705,"column":23},"end":{"line":707,"column":5}}]},"59":{"type":"branch","line":707,"loc":{"start":{"line":707,"column":4},"end":{"line":713,"column":66}},"locations":[{"start":{"line":707,"column":4},"end":{"line":713,"column":66}}]},"60":{"type":"branch","line":707,"loc":{"start":{"line":707,"column":4},"end":{"line":711,"column":5}},"locations":[{"start":{"line":707,"column":4},"end":{"line":711,"column":5}}]},"61":{"type":"branch","line":711,"loc":{"start":{"line":711,"column":4},"end":{"line":713,"column":66}},"locations":[{"start":{"line":711,"column":4},"end":{"line":713,"column":66}}]},"62":{"type":"branch","line":682,"loc":{"start":{"line":682,"column":23},"end":{"line":690,"column":6}},"locations":[{"start":{"line":682,"column":23},"end":{"line":690,"column":6}}]},"63":{"type":"branch","line":683,"loc":{"start":{"line":683,"column":37},"end":{"line":683,"column":46}},"locations":[{"start":{"line":683,"column":37},"end":{"line":683,"column":46}}]},"64":{"type":"branch","line":683,"loc":{"start":{"line":683,"column":44},"end":{"line":689,"column":15}},"locations":[{"start":{"line":683,"column":44},"end":{"line":689,"column":15}}]},"65":{"type":"branch","line":683,"loc":{"start":{"line":683,"column":44},"end":{"line":684,"column":43}},"locations":[{"start":{"line":683,"column":44},"end":{"line":684,"column":43}}]},"66":{"type":"branch","line":684,"loc":{"start":{"line":684,"column":36},"end":{"line":684,"column":45}},"locations":[{"start":{"line":684,"column":36},"end":{"line":684,"column":45}}]},"67":{"type":"branch","line":684,"loc":{"start":{"line":684,"column":43},"end":{"line":685,"column":44}},"locations":[{"start":{"line":684,"column":43},"end":{"line":685,"column":44}}]},"68":{"type":"branch","line":685,"loc":{"start":{"line":685,"column":37},"end":{"line":685,"column":46}},"locations":[{"start":{"line":685,"column":37},"end":{"line":685,"column":46}}]},"69":{"type":"branch","line":685,"loc":{"start":{"line":685,"column":44},"end":{"line":686,"column":43}},"locations":[{"start":{"line":685,"column":44},"end":{"line":686,"column":43}}]},"70":{"type":"branch","line":686,"loc":{"start":{"line":686,"column":41},"end":{"line":689,"column":15}},"locations":[{"start":{"line":686,"column":41},"end":{"line":689,"column":15}}]},"71":{"type":"branch","line":726,"loc":{"start":{"line":726,"column":32},"end":{"line":737,"column":2}},"locations":[{"start":{"line":726,"column":32},"end":{"line":737,"column":2}}]},"72":{"type":"branch","line":734,"loc":{"start":{"line":734,"column":2},"end":{"line":737,"column":2}},"locations":[{"start":{"line":734,"column":2},"end":{"line":737,"column":2}}]}},"b":{"0":[30],"1":[0],"2":[17],"3":[0],"4":[0],"5":[0],"6":[17],"7":[0],"8":[0],"9":[17],"10":[4],"11":[13],"12":[0],"13":[17],"14":[17],"15":[0],"16":[0],"17":[17],"18":[4],"19":[0],"20":[4],"21":[0],"22":[4],"23":[17],"24":[0],"25":[0],"26":[0],"27":[17],"28":[0],"29":[0],"30":[17],"31":[0],"32":[0],"33":[0],"34":[17],"35":[17],"36":[0],"37":[0],"38":[0],"39":[0],"40":[0],"41":[0],"42":[7],"43":[1],"44":[1],"45":[6],"46":[0],"47":[0],"48":[18],"49":[1],"50":[17],"51":[0],"52":[0],"53":[10],"54":[7],"55":[0],"56":[7],"57":[0],"58":[3],"59":[12],"60":[4],"61":[0],"62":[36],"63":[35],"64":[24],"65":[1],"66":[0],"67":[1],"68":[0],"69":[1],"70":[0],"71":[1],"72":[0]},"fnMap":{"0":{"name":"mapDepartment","decl":{"start":{"line":54,"column":22},"end":{"line":64,"column":2}},"loc":{"start":{"line":54,"column":22},"end":{"line":64,"column":2}},"line":54},"1":{"name":"mapRoom","decl":{"start":{"line":66,"column":16},"end":{"line":78,"column":2}},"loc":{"start":{"line":66,"column":16},"end":{"line":78,"column":2}},"line":66},"2":{"name":"mapService","decl":{"start":{"line":80,"column":19},"end":{"line":92,"column":2}},"loc":{"start":{"line":80,"column":19},"end":{"line":92,"column":2}},"line":80},"3":{"name":"mapDoctor","decl":{"start":{"line":94,"column":18},"end":{"line":106,"column":2}},"loc":{"start":{"line":94,"column":18},"end":{"line":106,"column":2}},"line":94},"4":{"name":"mapPatient","decl":{"start":{"line":108,"column":19},"end":{"line":115,"column":3}},"loc":{"start":{"line":108,"column":19},"end":{"line":115,"column":3}},"line":108},"5":{"name":"minutesBetween","decl":{"start":{"line":117,"column":23},"end":{"line":124,"column":2}},"loc":{"start":{"line":117,"column":23},"end":{"line":124,"column":2}},"line":117},"6":{"name":"pickQueueDoctor","decl":{"start":{"line":126,"column":24},"end":{"line":130,"column":2}},"loc":{"start":{"line":126,"column":24},"end":{"line":130,"column":2}},"line":126},"7":{"name":"pickQueueRoom","decl":{"start":{"line":132,"column":22},"end":{"line":136,"column":2}},"loc":{"start":{"line":132,"column":22},"end":{"line":136,"column":2}},"line":132},"8":{"name":"pickQueueService","decl":{"start":{"line":138,"column":25},"end":{"line":142,"column":2}},"loc":{"start":{"line":138,"column":25},"end":{"line":142,"column":2}},"line":138},"9":{"name":"mapQueueVisit","decl":{"start":{"line":144,"column":22},"end":{"line":164,"column":3}},"loc":{"start":{"line":144,"column":22},"end":{"line":164,"column":3}},"line":144},"10":{"name":"mapQueueStatus","decl":{"start":{"line":166,"column":23},"end":{"line":174,"column":3}},"loc":{"start":{"line":166,"column":23},"end":{"line":174,"column":3}},"line":166},"11":{"name":"mapQueueHistory","decl":{"start":{"line":176,"column":24},"end":{"line":194,"column":3}},"loc":{"start":{"line":176,"column":24},"end":{"line":194,"column":3}},"line":176},"12":{"name":"mapQueueTurn","decl":{"start":{"line":196,"column":21},"end":{"line":214,"column":3}},"loc":{"start":{"line":196,"column":21},"end":{"line":214,"column":3}},"line":196},"13":{"name":"mapQueueItem","decl":{"start":{"line":216,"column":21},"end":{"line":253,"column":2}},"loc":{"start":{"line":216,"column":21},"end":{"line":253,"column":2}},"line":216},"14":{"name":"getQueueItems","decl":{"start":{"line":643,"column":29},"end":{"line":724,"column":2}},"loc":{"start":{"line":643,"column":29},"end":{"line":724,"column":2}},"line":643},"15":{"name":"statusRank","decl":{"start":{"line":682,"column":23},"end":{"line":690,"column":6}},"loc":{"start":{"line":682,"column":23},"end":{"line":690,"column":6}},"line":682},"16":{"name":"getQueueItemById","decl":{"start":{"line":726,"column":32},"end":{"line":737,"column":2}},"loc":{"start":{"line":726,"column":32},"end":{"line":737,"column":2}},"line":726}},"f":{"0":30,"1":17,"2":17,"3":17,"4":17,"5":17,"6":17,"7":17,"8":17,"9":17,"10":17,"11":0,"12":0,"13":17,"14":7,"15":36,"16":1}}
}
